
Lchica.elf:     file format elf32-littleriscv
Lchica.elf
architecture: riscv:rv32, flags 0x00000112:
EXEC_P, HAS_SYMS, D_PAGED
start address 0x00000000

Program Header:
    LOAD off    0x00001000 vaddr 0x00000000 paddr 0x00000000 align 2**12
         filesz 0x00001284 memsz 0x00001284 flags r-x
    LOAD off    0x00003000 vaddr 0x20000000 paddr 0x00001284 align 2**12
         filesz 0x00000038 memsz 0x00000040 flags rw-
    LOAD off    0x00003700 vaddr 0x20000700 paddr 0x20000700 align 2**12
         filesz 0x00000000 memsz 0x00000100 flags rw-

Sections:
Idx Name          Size      VMA       LMA       File off  Algn
  0 .init         000000a0  00000000  00000000  00001000  2**2
                  CONTENTS, ALLOC, LOAD, READONLY, CODE
  1 .text         000011e4  000000a0  000000a0  000010a0  2**2
                  CONTENTS, ALLOC, LOAD, READONLY, CODE
  2 .fini         00000000  00001284  00001284  00003038  2**0
                  CONTENTS, ALLOC, LOAD, CODE
  3 .dalign       00000000  20000000  20000000  00003038  2**0
                  CONTENTS
  4 .dlalign      00000000  00001284  00001284  00003038  2**0
                  CONTENTS
  5 .data         00000038  20000000  00001284  00003000  2**2
                  CONTENTS, ALLOC, LOAD, DATA
  6 .bss          00000008  20000038  000012bc  00003038  2**2
                  ALLOC
  7 .stack        00000100  20000700  20000700  00003700  2**0
                  ALLOC
  8 .debug_info   0000a791  00000000  00000000  00003038  2**0
                  CONTENTS, READONLY, DEBUGGING
  9 .debug_abbrev 0000208b  00000000  00000000  0000d7c9  2**0
                  CONTENTS, READONLY, DEBUGGING
 10 .debug_aranges 00000560  00000000  00000000  0000f858  2**3
                  CONTENTS, READONLY, DEBUGGING
 11 .debug_ranges 00000568  00000000  00000000  0000fdb8  2**3
                  CONTENTS, READONLY, DEBUGGING
 12 .debug_line   0000669a  00000000  00000000  00010320  2**0
                  CONTENTS, READONLY, DEBUGGING
 13 .debug_str    00001ab8  00000000  00000000  000169ba  2**0
                  CONTENTS, READONLY, DEBUGGING
 14 .comment      00000033  00000000  00000000  00018472  2**0
                  CONTENTS, READONLY
 15 .debug_frame  00000b7c  00000000  00000000  000184a8  2**2
                  CONTENTS, READONLY, DEBUGGING
 16 .debug_loc    00001e62  00000000  00000000  00019024  2**0
                  CONTENTS, READONLY, DEBUGGING
SYMBOL TABLE:
00000000 l    d  .init	00000000 .init
000000a0 l    d  .text	00000000 .text
00001284 l    d  .fini	00000000 .fini
20000000 l    d  .dalign	00000000 .dalign
00001284 l    d  .dlalign	00000000 .dlalign
20000000 l    d  .data	00000000 .data
20000038 l    d  .bss	00000000 .bss
20000700 l    d  .stack	00000000 .stack
00000000 l    d  .debug_info	00000000 .debug_info
00000000 l    d  .debug_abbrev	00000000 .debug_abbrev
00000000 l    d  .debug_aranges	00000000 .debug_aranges
00000000 l    d  .debug_ranges	00000000 .debug_ranges
00000000 l    d  .debug_line	00000000 .debug_line
00000000 l    d  .debug_str	00000000 .debug_str
00000000 l    d  .comment	00000000 .comment
00000000 l    d  .debug_frame	00000000 .debug_frame
00000000 l    d  .debug_loc	00000000 .debug_loc
00000000 l    df *ABS*	00000000 ch32v00x_it.c
00000000 l    df *ABS*	00000000 i2c_driver.c
00000000 l    df *ABS*	00000000 main.c
00000000 l    df *ABS*	00000000 system_ch32v00x.c
00000000 l    df *ABS*	00000000 ch32v00x_dbgmcu.c
00000000 l    df *ABS*	00000000 ch32v00x_gpio.c
00000000 l    df *ABS*	00000000 ch32v00x_i2c.c
00000000 l    df *ABS*	00000000 ch32v00x_misc.c
00000000 l    df *ABS*	00000000 ch32v00x_rcc.c
20000014 l     O .data	00000014 ADCPrescTable
20000028 l     O .data	00000010 APBAHBPrescTable
00000000 l    df *ABS*	00000000 ch32v00x_usart.c
00000000 l    df *ABS*	00000000 debug.c
2000003c l     O .bss	00000002 p_ms
2000003e l     O .bss	00000001 p_us
00000000 l    df *ABS*	00000000 wchprintf.c
00000e88  w    F .text	00000004 printDouble
00000e8c  w    F .text	00000352 print
000011de  w    F .text	00000022 printf
20000838 g       .data	00000000 __global_pointer$
000005e8  w      .text	00000000 TIM1_CC_IRQHandler
00000908 g     F .text	00000008 I2C_ReceiveData
0000014c g     F .text	00000002 HardFault_Handler
00000d76  w    F .text	0000010e printInt
000005e8  w      .text	00000000 SysTick_Handler
000005e8  w      .text	00000000 PVD_IRQHandler
0000038a g     F .text	0000004a DS1307_Init
0000014a g     F .text	00000002 NMI_Handler
00000672 g     F .text	0000000a DBGMCU_GetCHIPID
00000b1c g     F .text	0000000a USART_GetFlagStatus
20000038 g       .bss	00000000 _sbss
00000100 g       *ABS*	00000000 __stack_size
00000ba0 g     F .text	0000005c USART_Printf_Init
000000aa g     F .text	0000000a .hidden __riscv_restore_2
000001ca g     F .text	0000002c I2C_SendByte
000006f8 g     F .text	000000c4 GPIO_PinRemapConfig
00000e84  w    F .text	00000004 printLongLongInt
20000010 g     O .data	00000004 SystemCoreClock
000000d4 g     F .text	0000002c .hidden __udivsi3
000000a0 g       .init	00000000 _einit
000009f6 g     F .text	0000001e RCC_APB2PeriphClockCmd
0000067c g     F .text	0000007c GPIO_Init
20000038 g     O .bss	00000004 NVIC_Priority_Group
000005e8  w      .text	00000000 SPI1_IRQHandler
00000afe g     F .text	00000016 USART_Cmd
000000a0 g     F .text	0000000a .hidden __riscv_save_1
000000aa g     F .text	0000000a .hidden __riscv_restore_0
000005e8  w      .text	00000000 AWU_IRQHandler
000005e8  w      .text	00000000 EXTI7_0_IRQHandler
00000a14 g     F .text	0000001e RCC_APB1PeriphClockCmd
00000180 g     F .text	0000004a I2C_SendSlaveAddress
20000700 g       .stack	00000000 _heap_end
000005e8  w      .text	00000000 DMA1_Channel4_IRQHandler
00000904 g     F .text	00000004 I2C_SendData
000005e8  w      .text	00000000 ADC1_IRQHandler
000007bc g     F .text	000000e2 I2C_Init
20000040 g       .bss	00000000 _ebss
000005e8  w      .text	00000000 DMA1_Channel7_IRQHandler
00000b26 g     F .text	0000003c Delay_Init
00000100 g     F .text	00000008 .hidden __umodsi3
000008b6 g     F .text	0000001a I2C_GenerateSTART
000005e8  w      .text	00000000 I2C1_EV_IRQHandler
00000954 g     F .text	000000a2 RCC_GetClocksFreq
000005e8  w      .text	00000000 DMA1_Channel6_IRQHandler
00000a32 g     F .text	000000cc USART_Init
000005e8  w      .text	00000000 RCC_IRQHandler
000005e8  w      .text	00000000 TIM1_TRG_COM_IRQHandler
000005e8  w      .text	00000000 DMA1_Channel1_IRQHandler
00000000 g       .init	00000000 _start
20000000 g     O .data	00000010 AHBPrescTable
00000178 g     F .text	00000008 I2C_Restart
00000c90  w    F .text	000000e6 prints
0000026e g     F .text	0000005e I2C_Initialization
000002f4 g     F .text	00000096 UpdateDateTime
000000b4 g     F .text	00000014 .hidden __mulsi3
0000089e g     F .text	00000018 I2C_Cmd
20000000 g       .dalign	00000000 _data_vma
000002cc g     F .text	00000028 DS1307_ReadRegister
00000910 g     F .text	00000012 I2C_Send7bitAddress
00000942 g     F .text	00000012 RCC_AdjustHSICalibrationValue
000003d4 g     F .text	0000007a main
000005e8  w      .text	00000000 DMA1_Channel5_IRQHandler
000000cc g     F .text	00000058 .hidden __divsi3
00000b62 g     F .text	0000003e Delay_Ms
0000044e g     F .text	00000132 SystemInit
00000c48  w    F .text	00000048 printchar
00000000 g       .init	00000000 _sinit
000005e8  w      .text	00000000 DMA1_Channel3_IRQHandler
0000014e g     F .text	0000002a I2C_Start
000005e8  w      .text	00000000 TIM1_UP_IRQHandler
000005e8  w      .text	00000000 WWDG_IRQHandler
000005e8  w      .text	00000000 TIM2_IRQHandler
20000800 g       .stack	00000000 _eusrstack
000000a0 g     F .text	0000000a .hidden __riscv_save_2
000005e8  w      .text	00000000 SW_Handler
000005e8  w      .text	00000000 TIM1_BRK_IRQHandler
00000b14 g     F .text	00000008 USART_SendData
00000bfc g     F .text	0000004c _write
20000038 g       .data	00000000 _edata
20000040 g       .bss	00000000 _end
00001284 g       .dlalign	00000000 _data_lma
00000580 g     F .text	00000068 SystemCoreClockUpdate
00000124 g     F .text	00000024 .hidden __modsi3
000005e8  w      .text	00000000 DMA1_Channel2_IRQHandler
000005ea  w      .text	00000000 handle_reset
000005e8  w      .text	00000000 FLASH_IRQHandler
000000a0 g     F .text	0000000a .hidden __riscv_save_0
0000025c g     F .text	00000012 I2C_Stop
000005e8  w      .text	00000000 USART1_IRQHandler
000008ea g     F .text	0000001a I2C_AcknowledgeConfig
000001f6 g     F .text	00000066 I2C_ReadMultiBytes
00000922 g     F .text	00000016 I2C_CheckEvent
000008d0 g     F .text	0000001a I2C_GenerateSTOP
000005e8  w      .text	00000000 I2C1_ER_IRQHandler
00000938 g     F .text	0000000a NVIC_PriorityGroupConfig
000000aa g     F .text	0000000a .hidden __riscv_restore_1



Disassembly of section .init:

00000000 <_sinit>:
   0:	5ea0006f          	j	5ea <handle_reset>
   4:	0000                	unimp
   6:	0000                	unimp
   8:	014a                	slli	sp,sp,0x12
   a:	0000                	unimp
   c:	014c                	addi	a1,sp,132
	...
  2e:	0000                	unimp
  30:	05e8                	addi	a0,sp,716
  32:	0000                	unimp
  34:	0000                	unimp
  36:	0000                	unimp
  38:	05e8                	addi	a0,sp,716
  3a:	0000                	unimp
  3c:	0000                	unimp
  3e:	0000                	unimp
  40:	05e8                	addi	a0,sp,716
  42:	0000                	unimp
  44:	05e8                	addi	a0,sp,716
  46:	0000                	unimp
  48:	05e8                	addi	a0,sp,716
  4a:	0000                	unimp
  4c:	05e8                	addi	a0,sp,716
  4e:	0000                	unimp
  50:	05e8                	addi	a0,sp,716
  52:	0000                	unimp
  54:	05e8                	addi	a0,sp,716
  56:	0000                	unimp
  58:	05e8                	addi	a0,sp,716
  5a:	0000                	unimp
  5c:	05e8                	addi	a0,sp,716
  5e:	0000                	unimp
  60:	05e8                	addi	a0,sp,716
  62:	0000                	unimp
  64:	05e8                	addi	a0,sp,716
  66:	0000                	unimp
  68:	05e8                	addi	a0,sp,716
  6a:	0000                	unimp
  6c:	05e8                	addi	a0,sp,716
  6e:	0000                	unimp
  70:	05e8                	addi	a0,sp,716
  72:	0000                	unimp
  74:	05e8                	addi	a0,sp,716
  76:	0000                	unimp
  78:	05e8                	addi	a0,sp,716
  7a:	0000                	unimp
  7c:	05e8                	addi	a0,sp,716
  7e:	0000                	unimp
  80:	05e8                	addi	a0,sp,716
  82:	0000                	unimp
  84:	05e8                	addi	a0,sp,716
  86:	0000                	unimp
  88:	05e8                	addi	a0,sp,716
  8a:	0000                	unimp
  8c:	05e8                	addi	a0,sp,716
  8e:	0000                	unimp
  90:	05e8                	addi	a0,sp,716
  92:	0000                	unimp
  94:	05e8                	addi	a0,sp,716
  96:	0000                	unimp
  98:	05e8                	addi	a0,sp,716
  9a:	0000                	unimp
  9c:	0000                	unimp
	...

Disassembly of section .text:

000000a0 <__riscv_save_0>:
      a0:	1151                	addi	sp,sp,-12
      a2:	c026                	sw	s1,0(sp)
      a4:	c222                	sw	s0,4(sp)
      a6:	c406                	sw	ra,8(sp)
      a8:	8282                	jr	t0

000000aa <__riscv_restore_0>:
      aa:	4482                	lw	s1,0(sp)
      ac:	4412                	lw	s0,4(sp)
      ae:	40a2                	lw	ra,8(sp)
      b0:	0131                	addi	sp,sp,12
      b2:	8082                	ret

000000b4 <__mulsi3>:
      b4:	862a                	mv	a2,a0
      b6:	4501                	li	a0,0
      b8:	0015f693          	andi	a3,a1,1
      bc:	c291                	beqz	a3,c0 <__mulsi3+0xc>
      be:	9532                	add	a0,a0,a2
      c0:	8185                	srli	a1,a1,0x1
      c2:	0606                	slli	a2,a2,0x1
      c4:	f9f5                	bnez	a1,b8 <__mulsi3+0x4>
      c6:	8082                	ret
      c8:	0000                	unimp
	...

000000cc <__divsi3>:
      cc:	02054e63          	bltz	a0,108 <__umodsi3+0x8>
      d0:	0405c363          	bltz	a1,116 <__umodsi3+0x16>

000000d4 <__udivsi3>:
      d4:	862e                	mv	a2,a1
      d6:	85aa                	mv	a1,a0
      d8:	557d                	li	a0,-1
      da:	c215                	beqz	a2,fe <__udivsi3+0x2a>
      dc:	4685                	li	a3,1
      de:	00b67863          	bgeu	a2,a1,ee <__udivsi3+0x1a>
      e2:	00c05663          	blez	a2,ee <__udivsi3+0x1a>
      e6:	0606                	slli	a2,a2,0x1
      e8:	0686                	slli	a3,a3,0x1
      ea:	feb66ce3          	bltu	a2,a1,e2 <__udivsi3+0xe>
      ee:	4501                	li	a0,0
      f0:	00c5e463          	bltu	a1,a2,f8 <__udivsi3+0x24>
      f4:	8d91                	sub	a1,a1,a2
      f6:	8d55                	or	a0,a0,a3
      f8:	8285                	srli	a3,a3,0x1
      fa:	8205                	srli	a2,a2,0x1
      fc:	faf5                	bnez	a3,f0 <__udivsi3+0x1c>
      fe:	8082                	ret

00000100 <__umodsi3>:
     100:	8286                	mv	t0,ra
     102:	3fc9                	jal	d4 <__udivsi3>
     104:	852e                	mv	a0,a1
     106:	8282                	jr	t0
     108:	40a00533          	neg	a0,a0
     10c:	0005d763          	bgez	a1,11a <__umodsi3+0x1a>
     110:	40b005b3          	neg	a1,a1
     114:	b7c1                	j	d4 <__udivsi3>
     116:	40b005b3          	neg	a1,a1
     11a:	8286                	mv	t0,ra
     11c:	3f65                	jal	d4 <__udivsi3>
     11e:	40a00533          	neg	a0,a0
     122:	8282                	jr	t0

00000124 <__modsi3>:
     124:	8286                	mv	t0,ra
     126:	0005c763          	bltz	a1,134 <__modsi3+0x10>
     12a:	00054963          	bltz	a0,13c <__modsi3+0x18>
     12e:	375d                	jal	d4 <__udivsi3>
     130:	852e                	mv	a0,a1
     132:	8282                	jr	t0
     134:	40b005b3          	neg	a1,a1
     138:	fe055be3          	bgez	a0,12e <__modsi3+0xa>
     13c:	40a00533          	neg	a0,a0
     140:	3f51                	jal	d4 <__udivsi3>
     142:	40b00533          	neg	a0,a1
     146:	8282                	jr	t0
	...

0000014a <NMI_Handler>:
     14a:	a001                	j	14a <NMI_Handler>

0000014c <HardFault_Handler>:
     14c:	a001                	j	14c <HardFault_Handler>

0000014e <I2C_Start>:
     14e:	f53ff2ef          	jal	t0,a0 <__riscv_save_0>
     152:	40005537          	lui	a0,0x40005
     156:	4585                	li	a1,1
     158:	40050513          	addi	a0,a0,1024 # 40005400 <__global_pointer$+0x20004bc8>
     15c:	00030437          	lui	s0,0x30
     160:	756000ef          	jal	ra,8b6 <I2C_GenerateSTART>
     164:	0405                	addi	s0,s0,1
     166:	40005537          	lui	a0,0x40005
     16a:	85a2                	mv	a1,s0
     16c:	40050513          	addi	a0,a0,1024 # 40005400 <__global_pointer$+0x20004bc8>
     170:	7b2000ef          	jal	ra,922 <I2C_CheckEvent>
     174:	d96d                	beqz	a0,166 <I2C_Start+0x18>
     176:	bf15                	j	aa <__riscv_restore_0>

00000178 <I2C_Restart>:
     178:	f29ff2ef          	jal	t0,a0 <__riscv_save_0>
     17c:	3fc9                	jal	14e <I2C_Start>
     17e:	b735                	j	aa <__riscv_restore_0>

00000180 <I2C_SendSlaveAddress>:
     180:	f21ff2ef          	jal	t0,a0 <__riscv_save_0>
     184:	842e                	mv	s0,a1
     186:	862e                	mv	a2,a1
     188:	85aa                	mv	a1,a0
     18a:	40005537          	lui	a0,0x40005
     18e:	40050513          	addi	a0,a0,1024 # 40005400 <__global_pointer$+0x20004bc8>
     192:	77e000ef          	jal	ra,910 <I2C_Send7bitAddress>
     196:	cc09                	beqz	s0,1b0 <I2C_SendSlaveAddress+0x30>
     198:	00030437          	lui	s0,0x30
     19c:	0409                	addi	s0,s0,2
     19e:	40005537          	lui	a0,0x40005
     1a2:	85a2                	mv	a1,s0
     1a4:	40050513          	addi	a0,a0,1024 # 40005400 <__global_pointer$+0x20004bc8>
     1a8:	77a000ef          	jal	ra,922 <I2C_CheckEvent>
     1ac:	d96d                	beqz	a0,19e <I2C_SendSlaveAddress+0x1e>
     1ae:	a829                	j	1c8 <I2C_SendSlaveAddress+0x48>
     1b0:	00070437          	lui	s0,0x70
     1b4:	08240413          	addi	s0,s0,130 # 70082 <_data_lma+0x6edfe>
     1b8:	40005537          	lui	a0,0x40005
     1bc:	85a2                	mv	a1,s0
     1be:	40050513          	addi	a0,a0,1024 # 40005400 <__global_pointer$+0x20004bc8>
     1c2:	760000ef          	jal	ra,922 <I2C_CheckEvent>
     1c6:	d96d                	beqz	a0,1b8 <I2C_SendSlaveAddress+0x38>
     1c8:	b5cd                	j	aa <__riscv_restore_0>

000001ca <I2C_SendByte>:
     1ca:	ed7ff2ef          	jal	t0,a0 <__riscv_save_0>
     1ce:	85aa                	mv	a1,a0
     1d0:	40005537          	lui	a0,0x40005
     1d4:	40050513          	addi	a0,a0,1024 # 40005400 <__global_pointer$+0x20004bc8>
     1d8:	00070437          	lui	s0,0x70
     1dc:	728000ef          	jal	ra,904 <I2C_SendData>
     1e0:	08440413          	addi	s0,s0,132 # 70084 <_data_lma+0x6ee00>
     1e4:	40005537          	lui	a0,0x40005
     1e8:	85a2                	mv	a1,s0
     1ea:	40050513          	addi	a0,a0,1024 # 40005400 <__global_pointer$+0x20004bc8>
     1ee:	734000ef          	jal	ra,922 <I2C_CheckEvent>
     1f2:	d96d                	beqz	a0,1e4 <I2C_SendByte+0x1a>
     1f4:	bd5d                	j	aa <__riscv_restore_0>

000001f6 <I2C_ReadMultiBytes>:
     1f6:	eabff2ef          	jal	t0,a0 <__riscv_save_0>
     1fa:	1161                	addi	sp,sp,-8
     1fc:	fff58793          	addi	a5,a1,-1
     200:	c02a                	sw	a0,0(sp)
     202:	84ae                	mv	s1,a1
     204:	4401                	li	s0,0
     206:	c23e                	sw	a5,4(sp)
     208:	00941463          	bne	s0,s1,210 <I2C_ReadMultiBytes+0x1a>
     20c:	0121                	addi	sp,sp,8
     20e:	bd71                	j	aa <__riscv_restore_0>
     210:	4792                	lw	a5,4(sp)
     212:	4581                	li	a1,0
     214:	00878363          	beq	a5,s0,21a <I2C_ReadMultiBytes+0x24>
     218:	4585                	li	a1,1
     21a:	40005537          	lui	a0,0x40005
     21e:	40050513          	addi	a0,a0,1024 # 40005400 <__global_pointer$+0x20004bc8>
     222:	6c8000ef          	jal	ra,8ea <I2C_AcknowledgeConfig>
     226:	000307b7          	lui	a5,0x30
     22a:	04078793          	addi	a5,a5,64 # 30040 <_data_lma+0x2edbc>
     22e:	40005737          	lui	a4,0x40005
     232:	85be                	mv	a1,a5
     234:	40070513          	addi	a0,a4,1024 # 40005400 <__global_pointer$+0x20004bc8>
     238:	6ea000ef          	jal	ra,922 <I2C_CheckEvent>
     23c:	000307b7          	lui	a5,0x30
     240:	40005737          	lui	a4,0x40005
     244:	04078793          	addi	a5,a5,64 # 30040 <_data_lma+0x2edbc>
     248:	d17d                	beqz	a0,22e <I2C_ReadMultiBytes+0x38>
     24a:	40070513          	addi	a0,a4,1024 # 40005400 <__global_pointer$+0x20004bc8>
     24e:	6ba000ef          	jal	ra,908 <I2C_ReceiveData>
     252:	4782                	lw	a5,0(sp)
     254:	97a2                	add	a5,a5,s0
     256:	a388                	sb	a0,0(a5)
     258:	0405                	addi	s0,s0,1
     25a:	b77d                	j	208 <I2C_ReadMultiBytes+0x12>

0000025c <I2C_Stop>:
     25c:	e45ff2ef          	jal	t0,a0 <__riscv_save_0>
     260:	40005537          	lui	a0,0x40005
     264:	4585                	li	a1,1
     266:	40050513          	addi	a0,a0,1024 # 40005400 <__global_pointer$+0x20004bc8>
     26a:	259d                	jal	8d0 <I2C_GenerateSTOP>
     26c:	bd3d                	j	aa <__riscv_restore_0>

0000026e <I2C_Initialization>:
     26e:	e33ff2ef          	jal	t0,a0 <__riscv_save_0>
     272:	1111                	addi	sp,sp,-28
     274:	4585                	li	a1,1
     276:	4545                	li	a0,17
     278:	77e000ef          	jal	ra,9f6 <RCC_APB2PeriphClockCmd>
     27c:	4585                	li	a1,1
     27e:	00200537          	lui	a0,0x200
     282:	792000ef          	jal	ra,a14 <RCC_APB1PeriphClockCmd>
     286:	4799                	li	a5,6
     288:	807c                	sh	a5,0(sp)
     28a:	47f1                	li	a5,28
     28c:	c43e                	sw	a5,8(sp)
     28e:	858a                	mv	a1,sp
     290:	478d                	li	a5,3
     292:	40011537          	lui	a0,0x40011
     296:	c23e                	sw	a5,4(sp)
     298:	26d5                	jal	67c <GPIO_Init>
     29a:	67e1                	lui	a5,0x18
     29c:	6a078793          	addi	a5,a5,1696 # 186a0 <_data_lma+0x1741c>
     2a0:	c63e                	sw	a5,12(sp)
     2a2:	bfff07b7          	lui	a5,0xbfff0
     2a6:	c83e                	sw	a5,16(sp)
     2a8:	040007b7          	lui	a5,0x4000
     2ac:	40005437          	lui	s0,0x40005
     2b0:	07c1                	addi	a5,a5,16
     2b2:	ca3e                	sw	a5,20(sp)
     2b4:	006c                	addi	a1,sp,12
     2b6:	6791                	lui	a5,0x4
     2b8:	40040513          	addi	a0,s0,1024 # 40005400 <__global_pointer$+0x20004bc8>
     2bc:	84fc                	sh	a5,24(sp)
     2be:	29fd                	jal	7bc <I2C_Init>
     2c0:	4585                	li	a1,1
     2c2:	40040513          	addi	a0,s0,1024
     2c6:	2be1                	jal	89e <I2C_Cmd>
     2c8:	0171                	addi	sp,sp,28
     2ca:	b3c5                	j	aa <__riscv_restore_0>

000002cc <DS1307_ReadRegister>:
     2cc:	dd5ff2ef          	jal	t0,a0 <__riscv_save_0>
     2d0:	842a                	mv	s0,a0
     2d2:	3db5                	jal	14e <I2C_Start>
     2d4:	4581                	li	a1,0
     2d6:	0d000513          	li	a0,208
     2da:	355d                	jal	180 <I2C_SendSlaveAddress>
     2dc:	4501                	li	a0,0
     2de:	35f5                	jal	1ca <I2C_SendByte>
     2e0:	3d61                	jal	178 <I2C_Restart>
     2e2:	4585                	li	a1,1
     2e4:	0d000513          	li	a0,208
     2e8:	3d61                	jal	180 <I2C_SendSlaveAddress>
     2ea:	45a1                	li	a1,8
     2ec:	8522                	mv	a0,s0
     2ee:	3721                	jal	1f6 <I2C_ReadMultiBytes>
     2f0:	37b5                	jal	25c <I2C_Stop>
     2f2:	bb65                	j	aa <__riscv_restore_0>

000002f4 <UpdateDateTime>:
     2f4:	2198                	lbu	a4,0(a1)
     2f6:	40475793          	srai	a5,a4,0x4
     2fa:	8b9d                	andi	a5,a5,7
     2fc:	00279693          	slli	a3,a5,0x2
     300:	97b6                	add	a5,a5,a3
     302:	8b3d                	andi	a4,a4,15
     304:	0786                	slli	a5,a5,0x1
     306:	97ba                	add	a5,a5,a4
     308:	a11c                	sb	a5,0(a0)
     30a:	3198                	lbu	a4,1(a1)
     30c:	40475793          	srai	a5,a4,0x4
     310:	8b9d                	andi	a5,a5,7
     312:	00279693          	slli	a3,a5,0x2
     316:	97b6                	add	a5,a5,a3
     318:	8b3d                	andi	a4,a4,15
     31a:	0786                	slli	a5,a5,0x1
     31c:	97ba                	add	a5,a5,a4
     31e:	b11c                	sb	a5,1(a0)
     320:	21b8                	lbu	a4,2(a1)
     322:	00475793          	srli	a5,a4,0x4
     326:	00279693          	slli	a3,a5,0x2
     32a:	97b6                	add	a5,a5,a3
     32c:	8b3d                	andi	a4,a4,15
     32e:	0786                	slli	a5,a5,0x1
     330:	97ba                	add	a5,a5,a4
     332:	a13c                	sb	a5,2(a0)
     334:	31b8                	lbu	a4,3(a1)
     336:	00475793          	srli	a5,a4,0x4
     33a:	00279693          	slli	a3,a5,0x2
     33e:	97b6                	add	a5,a5,a3
     340:	8b3d                	andi	a4,a4,15
     342:	0786                	slli	a5,a5,0x1
     344:	97ba                	add	a5,a5,a4
     346:	b13c                	sb	a5,3(a0)
     348:	21d8                	lbu	a4,4(a1)
     34a:	00475793          	srli	a5,a4,0x4
     34e:	00279693          	slli	a3,a5,0x2
     352:	97b6                	add	a5,a5,a3
     354:	8b3d                	andi	a4,a4,15
     356:	0786                	slli	a5,a5,0x1
     358:	97ba                	add	a5,a5,a4
     35a:	a15c                	sb	a5,4(a0)
     35c:	31d8                	lbu	a4,5(a1)
     35e:	00475793          	srli	a5,a4,0x4
     362:	00279693          	slli	a3,a5,0x2
     366:	97b6                	add	a5,a5,a3
     368:	8b3d                	andi	a4,a4,15
     36a:	0786                	slli	a5,a5,0x1
     36c:	97ba                	add	a5,a5,a4
     36e:	b15c                	sb	a5,5(a0)
     370:	21f8                	lbu	a4,6(a1)
     372:	00475793          	srli	a5,a4,0x4
     376:	00279693          	slli	a3,a5,0x2
     37a:	97b6                	add	a5,a5,a3
     37c:	0786                	slli	a5,a5,0x1
     37e:	8b3d                	andi	a4,a4,15
     380:	97ba                	add	a5,a5,a4
     382:	a17c                	sb	a5,6(a0)
     384:	31fc                	lbu	a5,7(a1)
     386:	b17c                	sb	a5,7(a0)
     388:	8082                	ret

0000038a <DS1307_Init>:
     38a:	d17ff2ef          	jal	t0,a0 <__riscv_save_0>
     38e:	33c1                	jal	14e <I2C_Start>
     390:	00001537          	lui	a0,0x1
     394:	20050513          	addi	a0,a0,512 # 1200 <printf+0x22>
     398:	647000ef          	jal	ra,11de <printf>
     39c:	4581                	li	a1,0
     39e:	0d000513          	li	a0,208
     3a2:	3bf9                	jal	180 <I2C_SendSlaveAddress>
     3a4:	00001537          	lui	a0,0x1
     3a8:	20850513          	addi	a0,a0,520 # 1208 <printf+0x2a>
     3ac:	633000ef          	jal	ra,11de <printf>
     3b0:	4501                	li	a0,0
     3b2:	3d21                	jal	1ca <I2C_SendByte>
     3b4:	00001537          	lui	a0,0x1
     3b8:	21850513          	addi	a0,a0,536 # 1218 <printf+0x3a>
     3bc:	623000ef          	jal	ra,11de <printf>
     3c0:	4501                	li	a0,0
     3c2:	3521                	jal	1ca <I2C_SendByte>
     3c4:	00001537          	lui	a0,0x1
     3c8:	22850513          	addi	a0,a0,552 # 1228 <printf+0x4a>
     3cc:	613000ef          	jal	ra,11de <printf>
     3d0:	3571                	jal	25c <I2C_Stop>
     3d2:	b9e1                	j	aa <__riscv_restore_0>

000003d4 <main>:
     3d4:	ccdff2ef          	jal	t0,a0 <__riscv_save_0>
     3d8:	1141                	addi	sp,sp,-16
     3da:	4505                	li	a0,1
     3dc:	2bb1                	jal	938 <NVIC_PriorityGroupConfig>
     3de:	224d                	jal	580 <SystemCoreClockUpdate>
     3e0:	746000ef          	jal	ra,b26 <Delay_Init>
     3e4:	3569                	jal	26e <I2C_Initialization>
     3e6:	6571                	lui	a0,0x1c
     3e8:	20050513          	addi	a0,a0,512 # 1c200 <_data_lma+0x1af7c>
     3ec:	7b4000ef          	jal	ra,ba0 <USART_Printf_Init>
     3f0:	200007b7          	lui	a5,0x20000
     3f4:	0107a583          	lw	a1,16(a5) # 20000010 <SystemCoreClock>
     3f8:	00001537          	lui	a0,0x1
     3fc:	23450513          	addi	a0,a0,564 # 1234 <printf+0x56>
     400:	5df000ef          	jal	ra,11de <printf>
     404:	24bd                	jal	672 <DBGMCU_GetCHIPID>
     406:	85aa                	mv	a1,a0
     408:	00001537          	lui	a0,0x1
     40c:	24450513          	addi	a0,a0,580 # 1244 <printf+0x66>
     410:	5cf000ef          	jal	ra,11de <printf>
     414:	c002                	sw	zero,0(sp)
     416:	c202                	sw	zero,4(sp)
     418:	c402                	sw	zero,8(sp)
     41a:	c602                	sw	zero,12(sp)
     41c:	37bd                	jal	38a <DS1307_Init>
     41e:	00001537          	lui	a0,0x1
     422:	25450513          	addi	a0,a0,596 # 1254 <printf+0x76>
     426:	5b9000ef          	jal	ra,11de <printf>
     42a:	00001437          	lui	s0,0x1
     42e:	0028                	addi	a0,sp,8
     430:	3d71                	jal	2cc <DS1307_ReadRegister>
     432:	002c                	addi	a1,sp,8
     434:	850a                	mv	a0,sp
     436:	3d7d                	jal	2f4 <UpdateDateTime>
     438:	3e800513          	li	a0,1000
     43c:	271d                	jal	b62 <Delay_Ms>
     43e:	8014                	lbu	a3,0(sp)
     440:	8090                	lbu	a2,1(sp)
     442:	810c                	lbu	a1,2(sp)
     444:	26440513          	addi	a0,s0,612 # 1264 <printf+0x86>
     448:	597000ef          	jal	ra,11de <printf>
     44c:	b7cd                	j	42e <main+0x5a>

0000044e <SystemInit>:
     44e:	c53ff2ef          	jal	t0,a0 <__riscv_save_0>
     452:	40021437          	lui	s0,0x40021
     456:	401c                	lw	a5,0(s0)
     458:	f8ff0737          	lui	a4,0xf8ff0
     45c:	1161                	addi	sp,sp,-8
     45e:	0017e793          	ori	a5,a5,1
     462:	c01c                	sw	a5,0(s0)
     464:	405c                	lw	a5,4(s0)
     466:	4541                	li	a0,16
     468:	8ff9                	and	a5,a5,a4
     46a:	c05c                	sw	a5,4(s0)
     46c:	401c                	lw	a5,0(s0)
     46e:	fef70737          	lui	a4,0xfef70
     472:	177d                	addi	a4,a4,-1
     474:	8ff9                	and	a5,a5,a4
     476:	c01c                	sw	a5,0(s0)
     478:	401c                	lw	a5,0(s0)
     47a:	fffc0737          	lui	a4,0xfffc0
     47e:	177d                	addi	a4,a4,-1
     480:	8ff9                	and	a5,a5,a4
     482:	c01c                	sw	a5,0(s0)
     484:	405c                	lw	a5,4(s0)
     486:	7741                	lui	a4,0xffff0
     488:	177d                	addi	a4,a4,-1
     48a:	8ff9                	and	a5,a5,a4
     48c:	c05c                	sw	a5,4(s0)
     48e:	009f07b7          	lui	a5,0x9f0
     492:	c41c                	sw	a5,8(s0)
     494:	217d                	jal	942 <RCC_AdjustHSICalibrationValue>
     496:	4c1c                	lw	a5,24(s0)
     498:	00020637          	lui	a2,0x20
     49c:	0207e793          	ori	a5,a5,32
     4a0:	cc1c                	sw	a5,24(s0)
     4a2:	400117b7          	lui	a5,0x40011
     4a6:	4007a703          	lw	a4,1024(a5) # 40011400 <__global_pointer$+0x20010bc8>
     4aa:	40078693          	addi	a3,a5,1024
     4ae:	f0f77713          	andi	a4,a4,-241
     4b2:	40e7a023          	sw	a4,1024(a5)
     4b6:	4007a703          	lw	a4,1024(a5)
     4ba:	08076713          	ori	a4,a4,128
     4be:	40e7a023          	sw	a4,1024(a5)
     4c2:	4789                	li	a5,2
     4c4:	ca9c                	sw	a5,16(a3)
     4c6:	c002                	sw	zero,0(sp)
     4c8:	c202                	sw	zero,4(sp)
     4ca:	4c1c                	lw	a5,24(s0)
     4cc:	40010737          	lui	a4,0x40010
     4d0:	66a1                	lui	a3,0x8
     4d2:	0017e793          	ori	a5,a5,1
     4d6:	cc1c                	sw	a5,24(s0)
     4d8:	435c                	lw	a5,4(a4)
     4da:	8fd5                	or	a5,a5,a3
     4dc:	c35c                	sw	a5,4(a4)
     4de:	401c                	lw	a5,0(s0)
     4e0:	6741                	lui	a4,0x10
     4e2:	400216b7          	lui	a3,0x40021
     4e6:	8fd9                	or	a5,a5,a4
     4e8:	c01c                	sw	a5,0(s0)
     4ea:	6709                	lui	a4,0x2
     4ec:	429c                	lw	a5,0(a3)
     4ee:	8ff1                	and	a5,a5,a2
     4f0:	c23e                	sw	a5,4(sp)
     4f2:	4782                	lw	a5,0(sp)
     4f4:	0785                	addi	a5,a5,1
     4f6:	c03e                	sw	a5,0(sp)
     4f8:	4792                	lw	a5,4(sp)
     4fa:	e781                	bnez	a5,502 <SystemInit+0xb4>
     4fc:	4782                	lw	a5,0(sp)
     4fe:	fee797e3          	bne	a5,a4,4ec <SystemInit+0x9e>
     502:	400217b7          	lui	a5,0x40021
     506:	439c                	lw	a5,0(a5)
     508:	00e79713          	slli	a4,a5,0xe
     50c:	06075863          	bgez	a4,57c <SystemInit+0x12e>
     510:	4785                	li	a5,1
     512:	c23e                	sw	a5,4(sp)
     514:	4712                	lw	a4,4(sp)
     516:	4785                	li	a5,1
     518:	06f71063          	bne	a4,a5,578 <SystemInit+0x12a>
     51c:	400227b7          	lui	a5,0x40022
     520:	4398                	lw	a4,0(a5)
     522:	76c1                	lui	a3,0xffff0
     524:	16fd                	addi	a3,a3,-1
     526:	9b71                	andi	a4,a4,-4
     528:	c398                	sw	a4,0(a5)
     52a:	4398                	lw	a4,0(a5)
     52c:	00176713          	ori	a4,a4,1
     530:	c398                	sw	a4,0(a5)
     532:	400217b7          	lui	a5,0x40021
     536:	43d8                	lw	a4,4(a5)
     538:	c3d8                	sw	a4,4(a5)
     53a:	43d8                	lw	a4,4(a5)
     53c:	8f75                	and	a4,a4,a3
     53e:	c3d8                	sw	a4,4(a5)
     540:	43d8                	lw	a4,4(a5)
     542:	66c1                	lui	a3,0x10
     544:	8f55                	or	a4,a4,a3
     546:	c3d8                	sw	a4,4(a5)
     548:	4398                	lw	a4,0(a5)
     54a:	010006b7          	lui	a3,0x1000
     54e:	8f55                	or	a4,a4,a3
     550:	c398                	sw	a4,0(a5)
     552:	4398                	lw	a4,0(a5)
     554:	00671693          	slli	a3,a4,0x6
     558:	fe06dde3          	bgez	a3,552 <SystemInit+0x104>
     55c:	43d8                	lw	a4,4(a5)
     55e:	400216b7          	lui	a3,0x40021
     562:	9b71                	andi	a4,a4,-4
     564:	c3d8                	sw	a4,4(a5)
     566:	43d8                	lw	a4,4(a5)
     568:	00276713          	ori	a4,a4,2
     56c:	c3d8                	sw	a4,4(a5)
     56e:	4721                	li	a4,8
     570:	42dc                	lw	a5,4(a3)
     572:	8bb1                	andi	a5,a5,12
     574:	fee79ee3          	bne	a5,a4,570 <SystemInit+0x122>
     578:	0121                	addi	sp,sp,8
     57a:	be05                	j	aa <__riscv_restore_0>
     57c:	c202                	sw	zero,4(sp)
     57e:	bf59                	j	514 <SystemInit+0xc6>

00000580 <SystemCoreClockUpdate>:
     580:	b21ff2ef          	jal	t0,a0 <__riscv_save_0>
     584:	40021737          	lui	a4,0x40021
     588:	435c                	lw	a5,4(a4)
     58a:	20000437          	lui	s0,0x20000
     58e:	4691                	li	a3,4
     590:	8bb1                	andi	a5,a5,12
     592:	01040413          	addi	s0,s0,16 # 20000010 <SystemCoreClock>
     596:	00d78563          	beq	a5,a3,5a0 <SystemCoreClockUpdate+0x20>
     59a:	46a1                	li	a3,8
     59c:	04d78063          	beq	a5,a3,5dc <SystemCoreClockUpdate+0x5c>
     5a0:	016e37b7          	lui	a5,0x16e3
     5a4:	60078793          	addi	a5,a5,1536 # 16e3600 <_data_lma+0x16e237c>
     5a8:	c01c                	sw	a5,0(s0)
     5aa:	400216b7          	lui	a3,0x40021
     5ae:	42dc                	lw	a5,4(a3)
     5b0:	4008                	lw	a0,0(s0)
     5b2:	8391                	srli	a5,a5,0x4
     5b4:	00f7f713          	andi	a4,a5,15
     5b8:	200007b7          	lui	a5,0x20000
     5bc:	00078793          	mv	a5,a5
     5c0:	97ba                	add	a5,a5,a4
     5c2:	238c                	lbu	a1,0(a5)
     5c4:	42dc                	lw	a5,4(a3)
     5c6:	0ff5f593          	andi	a1,a1,255
     5ca:	0807f793          	andi	a5,a5,128
     5ce:	00b55733          	srl	a4,a0,a1
     5d2:	e399                	bnez	a5,5d8 <SystemCoreClockUpdate+0x58>
     5d4:	3601                	jal	d4 <__udivsi3>
     5d6:	872a                	mv	a4,a0
     5d8:	c018                	sw	a4,0(s0)
     5da:	bcc1                	j	aa <__riscv_restore_0>
     5dc:	435c                	lw	a5,4(a4)
     5de:	02dc77b7          	lui	a5,0x2dc7
     5e2:	c0078793          	addi	a5,a5,-1024 # 2dc6c00 <_data_lma+0x2dc597c>
     5e6:	b7c9                	j	5a8 <SystemCoreClockUpdate+0x28>

000005e8 <ADC1_IRQHandler>:
     5e8:	a001                	j	5e8 <ADC1_IRQHandler>

000005ea <handle_reset>:
     5ea:	20000197          	auipc	gp,0x20000
     5ee:	24e18193          	addi	gp,gp,590 # 20000838 <__global_pointer$>
     5f2:	fc818113          	addi	sp,gp,-56 # 20000800 <_eusrstack>
     5f6:	00001517          	auipc	a0,0x1
     5fa:	c8e50513          	addi	a0,a0,-882 # 1284 <_data_lma>
     5fe:	20000597          	auipc	a1,0x20000
     602:	a0258593          	addi	a1,a1,-1534 # 20000000 <_data_vma>
     606:	20000617          	auipc	a2,0x20000
     60a:	a3260613          	addi	a2,a2,-1486 # 20000038 <_edata>
     60e:	00c5fa63          	bgeu	a1,a2,622 <handle_reset+0x38>
     612:	00052283          	lw	t0,0(a0)
     616:	0055a023          	sw	t0,0(a1)
     61a:	0511                	addi	a0,a0,4
     61c:	0591                	addi	a1,a1,4
     61e:	fec5eae3          	bltu	a1,a2,612 <handle_reset+0x28>
     622:	20000517          	auipc	a0,0x20000
     626:	a1650513          	addi	a0,a0,-1514 # 20000038 <_edata>
     62a:	80818593          	addi	a1,gp,-2040 # 20000040 <_ebss>
     62e:	00b57763          	bgeu	a0,a1,63c <handle_reset+0x52>
     632:	00052023          	sw	zero,0(a0)
     636:	0511                	addi	a0,a0,4
     638:	feb56de3          	bltu	a0,a1,632 <handle_reset+0x48>
     63c:	000022b7          	lui	t0,0x2
     640:	88028293          	addi	t0,t0,-1920 # 1880 <_data_lma+0x5fc>
     644:	30029073          	csrw	mstatus,t0
     648:	428d                	li	t0,3
     64a:	80429073          	csrw	0x804,t0
     64e:	00000297          	auipc	t0,0x0
     652:	9b228293          	addi	t0,t0,-1614 # 0 <_sinit>
     656:	0032e293          	ori	t0,t0,3
     65a:	30529073          	csrw	mtvec,t0
     65e:	df1ff0ef          	jal	ra,44e <SystemInit>
     662:	00000297          	auipc	t0,0x0
     666:	d7228293          	addi	t0,t0,-654 # 3d4 <main>
     66a:	34129073          	csrw	mepc,t0
     66e:	30200073          	mret

00000672 <DBGMCU_GetCHIPID>:
     672:	1ffff7b7          	lui	a5,0x1ffff
     676:	7c47a503          	lw	a0,1988(a5) # 1ffff7c4 <_data_lma+0x1fffe540>
     67a:	8082                	ret

0000067c <GPIO_Init>:
     67c:	4594                	lw	a3,8(a1)
     67e:	0106f793          	andi	a5,a3,16
     682:	00f6f293          	andi	t0,a3,15
     686:	c781                	beqz	a5,68e <GPIO_Init+0x12>
     688:	41dc                	lw	a5,4(a1)
     68a:	00f2e2b3          	or	t0,t0,a5
     68e:	0005d383          	lhu	t2,0(a1)
     692:	0ff3f793          	andi	a5,t2,255
     696:	c3a5                	beqz	a5,6f6 <GPIO_Init+0x7a>
     698:	00052303          	lw	t1,0(a0)
     69c:	1161                	addi	sp,sp,-8
     69e:	c222                	sw	s0,4(sp)
     6a0:	c026                	sw	s1,0(sp)
     6a2:	4781                	li	a5,0
     6a4:	02800413          	li	s0,40
     6a8:	04800493          	li	s1,72
     6ac:	4705                	li	a4,1
     6ae:	00f71633          	sll	a2,a4,a5
     6b2:	00c3f733          	and	a4,t2,a2
     6b6:	02e61263          	bne	a2,a4,6da <GPIO_Init+0x5e>
     6ba:	00279593          	slli	a1,a5,0x2
     6be:	473d                	li	a4,15
     6c0:	00b71733          	sll	a4,a4,a1
     6c4:	fff74713          	not	a4,a4
     6c8:	00677333          	and	t1,a4,t1
     6cc:	00b295b3          	sll	a1,t0,a1
     6d0:	0065e333          	or	t1,a1,t1
     6d4:	00869d63          	bne	a3,s0,6ee <GPIO_Init+0x72>
     6d8:	c950                	sw	a2,20(a0)
     6da:	0785                	addi	a5,a5,1
     6dc:	4721                	li	a4,8
     6de:	fce797e3          	bne	a5,a4,6ac <GPIO_Init+0x30>
     6e2:	4412                	lw	s0,4(sp)
     6e4:	00652023          	sw	t1,0(a0)
     6e8:	4482                	lw	s1,0(sp)
     6ea:	0121                	addi	sp,sp,8
     6ec:	8082                	ret
     6ee:	fe9696e3          	bne	a3,s1,6da <GPIO_Init+0x5e>
     6f2:	c910                	sw	a2,16(a0)
     6f4:	b7dd                	j	6da <GPIO_Init+0x5e>
     6f6:	8082                	ret

000006f8 <GPIO_PinRemapConfig>:
     6f8:	40010337          	lui	t1,0x40010
     6fc:	00432703          	lw	a4,4(t1) # 40010004 <__global_pointer$+0x2000f7cc>
     700:	00351793          	slli	a5,a0,0x3
     704:	0207d063          	bgez	a5,724 <GPIO_PinRemapConfig+0x2c>
     708:	ffc007b7          	lui	a5,0xffc00
     70c:	17f5                	addi	a5,a5,-3
     70e:	8ff9                	and	a5,a5,a4
     710:	07000737          	lui	a4,0x7000
     714:	8fd9                	or	a5,a5,a4
     716:	cdd9                	beqz	a1,7b4 <GPIO_PinRemapConfig+0xbc>
     718:	f0000737          	lui	a4,0xf0000
     71c:	177d                	addi	a4,a4,-1
     71e:	8d79                	and	a0,a0,a4
     720:	8fc9                	or	a5,a5,a0
     722:	a849                	j	7b4 <GPIO_PinRemapConfig+0xbc>
     724:	00055d63          	bgez	a0,73e <GPIO_PinRemapConfig+0x46>
     728:	ffe007b7          	lui	a5,0xffe00
     72c:	17ed                	addi	a5,a5,-5
     72e:	8ff9                	and	a5,a5,a4
     730:	07000737          	lui	a4,0x7000
     734:	8fd9                	or	a5,a5,a4
     736:	cdbd                	beqz	a1,7b4 <GPIO_PinRemapConfig+0xbc>
     738:	0506                	slli	a0,a0,0x1
     73a:	8105                	srli	a0,a0,0x1
     73c:	b7d5                	j	720 <GPIO_PinRemapConfig+0x28>
     73e:	003007b7          	lui	a5,0x300
     742:	01051693          	slli	a3,a0,0x10
     746:	00f57633          	and	a2,a0,a5
     74a:	82c1                	srli	a3,a3,0x10
     74c:	02f61363          	bne	a2,a5,772 <GPIO_PinRemapConfig+0x7a>
     750:	f9000637          	lui	a2,0xf9000
     754:	167d                	addi	a2,a2,-1
     756:	00c777b3          	and	a5,a4,a2
     75a:	00432703          	lw	a4,4(t1)
     75e:	8e79                	and	a2,a2,a4
     760:	00c32223          	sw	a2,4(t1)
     764:	c9a1                	beqz	a1,7b4 <GPIO_PinRemapConfig+0xbc>
     766:	8155                	srli	a0,a0,0x15
     768:	00451713          	slli	a4,a0,0x4
     76c:	00e69533          	sll	a0,a3,a4
     770:	bf45                	j	720 <GPIO_PinRemapConfig+0x28>
     772:	00b51793          	slli	a5,a0,0xb
     776:	0207d463          	bgez	a5,79e <GPIO_PinRemapConfig+0xa6>
     77a:	01055793          	srli	a5,a0,0x10
     77e:	00f7f613          	andi	a2,a5,15
     782:	478d                	li	a5,3
     784:	00c797b3          	sll	a5,a5,a2
     788:	fff7c793          	not	a5,a5
     78c:	8ff9                	and	a5,a5,a4
     78e:	07000737          	lui	a4,0x7000
     792:	8fd9                	or	a5,a5,a4
     794:	c185                	beqz	a1,7b4 <GPIO_PinRemapConfig+0xbc>
     796:	01555713          	srli	a4,a0,0x15
     79a:	0712                	slli	a4,a4,0x4
     79c:	bfc1                	j	76c <GPIO_PinRemapConfig+0x74>
     79e:	8155                	srli	a0,a0,0x15
     7a0:	0512                	slli	a0,a0,0x4
     7a2:	00a69533          	sll	a0,a3,a0
     7a6:	fff54793          	not	a5,a0
     7aa:	8ff9                	and	a5,a5,a4
     7ac:	07000737          	lui	a4,0x7000
     7b0:	8fd9                	or	a5,a5,a4
     7b2:	f5bd                	bnez	a1,720 <GPIO_PinRemapConfig+0x28>
     7b4:	40010737          	lui	a4,0x40010
     7b8:	c35c                	sw	a5,4(a4)
     7ba:	8082                	ret

000007bc <I2C_Init>:
     7bc:	8e5ff2ef          	jal	t0,a0 <__riscv_save_0>
     7c0:	1111                	addi	sp,sp,-28
     7c2:	2146                	lhu	s1,4(a0)
     7c4:	842a                	mv	s0,a0
     7c6:	0028                	addi	a0,sp,8
     7c8:	c02e                	sw	a1,0(sp)
     7ca:	2269                	jal	954 <RCC_GetClocksFreq>
     7cc:	46c2                	lw	a3,16(sp)
     7ce:	04c2                	slli	s1,s1,0x10
     7d0:	80c1                	srli	s1,s1,0x10
     7d2:	fc04f493          	andi	s1,s1,-64
     7d6:	000f45b7          	lui	a1,0xf4
     7da:	24058593          	addi	a1,a1,576 # f4240 <_data_lma+0xf2fbc>
     7de:	8536                	mv	a0,a3
     7e0:	04c2                	slli	s1,s1,0x10
     7e2:	c236                	sw	a3,4(sp)
     7e4:	80c1                	srli	s1,s1,0x10
     7e6:	8efff0ef          	jal	ra,d4 <__udivsi3>
     7ea:	8d45                	or	a0,a0,s1
     7ec:	0542                	slli	a0,a0,0x10
     7ee:	8141                	srli	a0,a0,0x10
     7f0:	a04a                	sh	a0,4(s0)
     7f2:	201e                	lhu	a5,0(s0)
     7f4:	4692                	lw	a3,4(sp)
     7f6:	07c2                	slli	a5,a5,0x10
     7f8:	83c1                	srli	a5,a5,0x10
     7fa:	9bf9                	andi	a5,a5,-2
     7fc:	07c2                	slli	a5,a5,0x10
     7fe:	83c1                	srli	a5,a5,0x10
     800:	a01e                	sh	a5,0(s0)
     802:	4782                	lw	a5,0(sp)
     804:	4390                	lw	a2,0(a5)
     806:	67e1                	lui	a5,0x18
     808:	6a078793          	addi	a5,a5,1696 # 186a0 <_data_lma+0x1741c>
     80c:	00161593          	slli	a1,a2,0x1
     810:	04c7e663          	bltu	a5,a2,85c <I2C_Init+0xa0>
     814:	8536                	mv	a0,a3
     816:	8bfff0ef          	jal	ra,d4 <__udivsi3>
     81a:	87aa                	mv	a5,a0
     81c:	0542                	slli	a0,a0,0x10
     81e:	8141                	srli	a0,a0,0x10
     820:	4691                	li	a3,4
     822:	00d57363          	bgeu	a0,a3,828 <I2C_Init+0x6c>
     826:	4791                	li	a5,4
     828:	01079513          	slli	a0,a5,0x10
     82c:	8141                	srli	a0,a0,0x10
     82e:	ac4a                	sh	a0,28(s0)
     830:	201e                	lhu	a5,0(s0)
     832:	4702                	lw	a4,0(sp)
     834:	0017e793          	ori	a5,a5,1
     838:	a01e                	sh	a5,0(s0)
     83a:	201e                	lhu	a5,0(s0)
     83c:	2356                	lhu	a3,4(a4)
     83e:	2732                	lhu	a2,10(a4)
     840:	07c2                	slli	a5,a5,0x10
     842:	83c1                	srli	a5,a5,0x10
     844:	8ed1                	or	a3,a3,a2
     846:	bf57f793          	andi	a5,a5,-1035
     84a:	8fd5                	or	a5,a5,a3
     84c:	a01e                	sh	a5,0(s0)
     84e:	2716                	lhu	a3,8(a4)
     850:	275e                	lhu	a5,12(a4)
     852:	8fd5                	or	a5,a5,a3
     854:	a41e                	sh	a5,8(s0)
     856:	0171                	addi	sp,sp,28
     858:	853ff06f          	j	aa <__riscv_restore_0>
     85c:	4782                	lw	a5,0(sp)
     85e:	23ea                	lhu	a0,6(a5)
     860:	67b1                	lui	a5,0xc
     862:	17fd                	addi	a5,a5,-1
     864:	02f51063          	bne	a0,a5,884 <I2C_Init+0xc8>
     868:	95b2                	add	a1,a1,a2
     86a:	8536                	mv	a0,a3
     86c:	869ff0ef          	jal	ra,d4 <__udivsi3>
     870:	0542                	slli	a0,a0,0x10
     872:	8141                	srli	a0,a0,0x10
     874:	01451793          	slli	a5,a0,0x14
     878:	e399                	bnez	a5,87e <I2C_Init+0xc2>
     87a:	00156513          	ori	a0,a0,1
     87e:	67a1                	lui	a5,0x8
     880:	8d5d                	or	a0,a0,a5
     882:	b775                	j	82e <I2C_Init+0x72>
     884:	00c587b3          	add	a5,a1,a2
     888:	078e                	slli	a5,a5,0x3
     88a:	00c785b3          	add	a1,a5,a2
     88e:	8536                	mv	a0,a3
     890:	845ff0ef          	jal	ra,d4 <__udivsi3>
     894:	0542                	slli	a0,a0,0x10
     896:	8141                	srli	a0,a0,0x10
     898:	6791                	lui	a5,0x4
     89a:	8d5d                	or	a0,a0,a5
     89c:	bfe1                	j	874 <I2C_Init+0xb8>

0000089e <I2C_Cmd>:
     89e:	211e                	lhu	a5,0(a0)
     8a0:	c589                	beqz	a1,8aa <I2C_Cmd+0xc>
     8a2:	0017e793          	ori	a5,a5,1
     8a6:	a11e                	sh	a5,0(a0)
     8a8:	8082                	ret
     8aa:	07c2                	slli	a5,a5,0x10
     8ac:	83c1                	srli	a5,a5,0x10
     8ae:	9bf9                	andi	a5,a5,-2
     8b0:	07c2                	slli	a5,a5,0x10
     8b2:	83c1                	srli	a5,a5,0x10
     8b4:	bfcd                	j	8a6 <I2C_Cmd+0x8>

000008b6 <I2C_GenerateSTART>:
     8b6:	211e                	lhu	a5,0(a0)
     8b8:	c589                	beqz	a1,8c2 <I2C_GenerateSTART+0xc>
     8ba:	1007e793          	ori	a5,a5,256
     8be:	a11e                	sh	a5,0(a0)
     8c0:	8082                	ret
     8c2:	07c2                	slli	a5,a5,0x10
     8c4:	83c1                	srli	a5,a5,0x10
     8c6:	eff7f793          	andi	a5,a5,-257
     8ca:	07c2                	slli	a5,a5,0x10
     8cc:	83c1                	srli	a5,a5,0x10
     8ce:	bfc5                	j	8be <I2C_GenerateSTART+0x8>

000008d0 <I2C_GenerateSTOP>:
     8d0:	211e                	lhu	a5,0(a0)
     8d2:	c589                	beqz	a1,8dc <I2C_GenerateSTOP+0xc>
     8d4:	2007e793          	ori	a5,a5,512
     8d8:	a11e                	sh	a5,0(a0)
     8da:	8082                	ret
     8dc:	07c2                	slli	a5,a5,0x10
     8de:	83c1                	srli	a5,a5,0x10
     8e0:	dff7f793          	andi	a5,a5,-513
     8e4:	07c2                	slli	a5,a5,0x10
     8e6:	83c1                	srli	a5,a5,0x10
     8e8:	bfc5                	j	8d8 <I2C_GenerateSTOP+0x8>

000008ea <I2C_AcknowledgeConfig>:
     8ea:	211e                	lhu	a5,0(a0)
     8ec:	c589                	beqz	a1,8f6 <I2C_AcknowledgeConfig+0xc>
     8ee:	4007e793          	ori	a5,a5,1024
     8f2:	a11e                	sh	a5,0(a0)
     8f4:	8082                	ret
     8f6:	07c2                	slli	a5,a5,0x10
     8f8:	83c1                	srli	a5,a5,0x10
     8fa:	bff7f793          	andi	a5,a5,-1025
     8fe:	07c2                	slli	a5,a5,0x10
     900:	83c1                	srli	a5,a5,0x10
     902:	bfc5                	j	8f2 <I2C_AcknowledgeConfig+0x8>

00000904 <I2C_SendData>:
     904:	a90e                	sh	a1,16(a0)
     906:	8082                	ret

00000908 <I2C_ReceiveData>:
     908:	290a                	lhu	a0,16(a0)
     90a:	0ff57513          	andi	a0,a0,255
     90e:	8082                	ret

00000910 <I2C_Send7bitAddress>:
     910:	0fe5f793          	andi	a5,a1,254
     914:	c219                	beqz	a2,91a <I2C_Send7bitAddress+0xa>
     916:	0015e793          	ori	a5,a1,1
     91a:	07c2                	slli	a5,a5,0x10
     91c:	83c1                	srli	a5,a5,0x10
     91e:	a91e                	sh	a5,16(a0)
     920:	8082                	ret

00000922 <I2C_CheckEvent>:
     922:	295e                	lhu	a5,20(a0)
     924:	2d0a                	lhu	a0,24(a0)
     926:	0542                	slli	a0,a0,0x10
     928:	8d5d                	or	a0,a0,a5
     92a:	8d6d                	and	a0,a0,a1
     92c:	0522                	slli	a0,a0,0x8
     92e:	8121                	srli	a0,a0,0x8
     930:	8d0d                	sub	a0,a0,a1
     932:	00153513          	seqz	a0,a0
     936:	8082                	ret

00000938 <NVIC_PriorityGroupConfig>:
     938:	200007b7          	lui	a5,0x20000
     93c:	02a7ac23          	sw	a0,56(a5) # 20000038 <_edata>
     940:	8082                	ret

00000942 <RCC_AdjustHSICalibrationValue>:
     942:	40021737          	lui	a4,0x40021
     946:	431c                	lw	a5,0(a4)
     948:	050e                	slli	a0,a0,0x3
     94a:	f077f793          	andi	a5,a5,-249
     94e:	8d5d                	or	a0,a0,a5
     950:	c308                	sw	a0,0(a4)
     952:	8082                	ret

00000954 <RCC_GetClocksFreq>:
     954:	f4cff2ef          	jal	t0,a0 <__riscv_save_0>
     958:	40021737          	lui	a4,0x40021
     95c:	435c                	lw	a5,4(a4)
     95e:	4691                	li	a3,4
     960:	842a                	mv	s0,a0
     962:	8bb1                	andi	a5,a5,12
     964:	00d78563          	beq	a5,a3,96e <RCC_GetClocksFreq+0x1a>
     968:	46a1                	li	a3,8
     96a:	08d78063          	beq	a5,a3,9ea <RCC_GetClocksFreq+0x96>
     96e:	016e37b7          	lui	a5,0x16e3
     972:	60078793          	addi	a5,a5,1536 # 16e3600 <_data_lma+0x16e237c>
     976:	c01c                	sw	a5,0(s0)
     978:	400216b7          	lui	a3,0x40021
     97c:	42dc                	lw	a5,4(a3)
     97e:	8391                	srli	a5,a5,0x4
     980:	00f7f713          	andi	a4,a5,15
     984:	200007b7          	lui	a5,0x20000
     988:	02878793          	addi	a5,a5,40 # 20000028 <APBAHBPrescTable>
     98c:	97ba                	add	a5,a5,a4
     98e:	238c                	lbu	a1,0(a5)
     990:	42dc                	lw	a5,4(a3)
     992:	4018                	lw	a4,0(s0)
     994:	0ff5f593          	andi	a1,a1,255
     998:	0807f793          	andi	a5,a5,128
     99c:	00b75533          	srl	a0,a4,a1
     9a0:	e781                	bnez	a5,9a8 <RCC_GetClocksFreq+0x54>
     9a2:	853a                	mv	a0,a4
     9a4:	f30ff0ef          	jal	ra,d4 <__udivsi3>
     9a8:	c048                	sw	a0,4(s0)
     9aa:	c408                	sw	a0,8(s0)
     9ac:	c448                	sw	a0,12(s0)
     9ae:	400217b7          	lui	a5,0x40021
     9b2:	43dc                	lw	a5,4(a5)
     9b4:	468d                	li	a3,3
     9b6:	83ad                	srli	a5,a5,0xb
     9b8:	8bfd                	andi	a5,a5,31
     9ba:	0037d713          	srli	a4,a5,0x3
     9be:	078a                	slli	a5,a5,0x2
     9c0:	8bf1                	andi	a5,a5,28
     9c2:	8fd9                	or	a5,a5,a4
     9c4:	0137f613          	andi	a2,a5,19
     9c8:	0037f713          	andi	a4,a5,3
     9cc:	00c6f463          	bgeu	a3,a2,9d4 <RCC_GetClocksFreq+0x80>
     9d0:	ff478713          	addi	a4,a5,-12 # 40020ff4 <__global_pointer$+0x200207bc>
     9d4:	200007b7          	lui	a5,0x20000
     9d8:	01478793          	addi	a5,a5,20 # 20000014 <ADCPrescTable>
     9dc:	97ba                	add	a5,a5,a4
     9de:	238c                	lbu	a1,0(a5)
     9e0:	ef4ff0ef          	jal	ra,d4 <__udivsi3>
     9e4:	c808                	sw	a0,16(s0)
     9e6:	ec4ff06f          	j	aa <__riscv_restore_0>
     9ea:	435c                	lw	a5,4(a4)
     9ec:	02dc77b7          	lui	a5,0x2dc7
     9f0:	c0078793          	addi	a5,a5,-1024 # 2dc6c00 <_data_lma+0x2dc597c>
     9f4:	b749                	j	976 <RCC_GetClocksFreq+0x22>

000009f6 <RCC_APB2PeriphClockCmd>:
     9f6:	c599                	beqz	a1,a04 <RCC_APB2PeriphClockCmd+0xe>
     9f8:	40021737          	lui	a4,0x40021
     9fc:	4f1c                	lw	a5,24(a4)
     9fe:	8d5d                	or	a0,a0,a5
     a00:	cf08                	sw	a0,24(a4)
     a02:	8082                	ret
     a04:	400217b7          	lui	a5,0x40021
     a08:	4f98                	lw	a4,24(a5)
     a0a:	fff54513          	not	a0,a0
     a0e:	8d79                	and	a0,a0,a4
     a10:	cf88                	sw	a0,24(a5)
     a12:	8082                	ret

00000a14 <RCC_APB1PeriphClockCmd>:
     a14:	c599                	beqz	a1,a22 <RCC_APB1PeriphClockCmd+0xe>
     a16:	40021737          	lui	a4,0x40021
     a1a:	4f5c                	lw	a5,28(a4)
     a1c:	8d5d                	or	a0,a0,a5
     a1e:	cf48                	sw	a0,28(a4)
     a20:	8082                	ret
     a22:	400217b7          	lui	a5,0x40021
     a26:	4fd8                	lw	a4,28(a5)
     a28:	fff54513          	not	a0,a0
     a2c:	8d79                	and	a0,a0,a4
     a2e:	cfc8                	sw	a0,28(a5)
     a30:	8082                	ret

00000a32 <USART_Init>:
     a32:	e6eff2ef          	jal	t0,a0 <__riscv_save_0>
     a36:	2916                	lhu	a3,16(a0)
     a38:	77f5                	lui	a5,0xffffd
     a3a:	17fd                	addi	a5,a5,-1
     a3c:	8ff5                	and	a5,a5,a3
     a3e:	21f6                	lhu	a3,6(a1)
     a40:	25da                	lhu	a4,12(a1)
     a42:	1121                	addi	sp,sp,-24
     a44:	8fd5                	or	a5,a5,a3
     a46:	a91e                	sh	a5,16(a0)
     a48:	2556                	lhu	a3,12(a0)
     a4a:	77fd                	lui	a5,0xfffff
     a4c:	9f378793          	addi	a5,a5,-1549 # ffffe9f3 <__global_pointer$+0xdfffe1bb>
     a50:	8ff5                	and	a5,a5,a3
     a52:	21d6                	lhu	a3,4(a1)
     a54:	842a                	mv	s0,a0
     a56:	c02e                	sw	a1,0(sp)
     a58:	8fd5                	or	a5,a5,a3
     a5a:	2596                	lhu	a3,8(a1)
     a5c:	8fd5                	or	a5,a5,a3
     a5e:	25b6                	lhu	a3,10(a1)
     a60:	8fd5                	or	a5,a5,a3
     a62:	a55e                	sh	a5,12(a0)
     a64:	295e                	lhu	a5,20(a0)
     a66:	07c2                	slli	a5,a5,0x10
     a68:	83c1                	srli	a5,a5,0x10
     a6a:	cff7f793          	andi	a5,a5,-769
     a6e:	8f5d                	or	a4,a4,a5
     a70:	a95a                	sh	a4,20(a0)
     a72:	0048                	addi	a0,sp,4
     a74:	35c5                	jal	954 <RCC_GetClocksFreq>
     a76:	400147b7          	lui	a5,0x40014
     a7a:	80078793          	addi	a5,a5,-2048 # 40013800 <__global_pointer$+0x20012fc8>
     a7e:	4582                	lw	a1,0(sp)
     a80:	06f41263          	bne	s0,a5,ae4 <USART_Init+0xb2>
     a84:	47c2                	lw	a5,16(sp)
     a86:	245a                	lhu	a4,12(s0)
     a88:	00179513          	slli	a0,a5,0x1
     a8c:	953e                	add	a0,a0,a5
     a8e:	0742                	slli	a4,a4,0x10
     a90:	050e                	slli	a0,a0,0x3
     a92:	8741                	srai	a4,a4,0x10
     a94:	953e                	add	a0,a0,a5
     a96:	418c                	lw	a1,0(a1)
     a98:	04075863          	bgez	a4,ae8 <USART_Init+0xb6>
     a9c:	0586                	slli	a1,a1,0x1
     a9e:	e36ff0ef          	jal	ra,d4 <__udivsi3>
     aa2:	06400593          	li	a1,100
     aa6:	c02a                	sw	a0,0(sp)
     aa8:	e2cff0ef          	jal	ra,d4 <__udivsi3>
     aac:	4782                	lw	a5,0(sp)
     aae:	00451493          	slli	s1,a0,0x4
     ab2:	06400593          	li	a1,100
     ab6:	853e                	mv	a0,a5
     ab8:	e48ff0ef          	jal	ra,100 <__umodsi3>
     abc:	245e                	lhu	a5,12(s0)
     abe:	07c2                	slli	a5,a5,0x10
     ac0:	87c1                	srai	a5,a5,0x10
     ac2:	0207d563          	bgez	a5,aec <USART_Init+0xba>
     ac6:	050e                	slli	a0,a0,0x3
     ac8:	06400593          	li	a1,100
     acc:	03250513          	addi	a0,a0,50
     ad0:	e04ff0ef          	jal	ra,d4 <__udivsi3>
     ad4:	891d                	andi	a0,a0,7
     ad6:	8cc9                	or	s1,s1,a0
     ad8:	04c2                	slli	s1,s1,0x10
     ada:	80c1                	srli	s1,s1,0x10
     adc:	a406                	sh	s1,8(s0)
     ade:	0161                	addi	sp,sp,24
     ae0:	dcaff06f          	j	aa <__riscv_restore_0>
     ae4:	47b2                	lw	a5,12(sp)
     ae6:	b745                	j	a86 <USART_Init+0x54>
     ae8:	058a                	slli	a1,a1,0x2
     aea:	bf55                	j	a9e <USART_Init+0x6c>
     aec:	0512                	slli	a0,a0,0x4
     aee:	06400593          	li	a1,100
     af2:	03250513          	addi	a0,a0,50
     af6:	ddeff0ef          	jal	ra,d4 <__udivsi3>
     afa:	893d                	andi	a0,a0,15
     afc:	bfe9                	j	ad6 <USART_Init+0xa4>

00000afe <USART_Cmd>:
     afe:	c591                	beqz	a1,b0a <USART_Cmd+0xc>
     b00:	255e                	lhu	a5,12(a0)
     b02:	6709                	lui	a4,0x2
     b04:	8fd9                	or	a5,a5,a4
     b06:	a55e                	sh	a5,12(a0)
     b08:	8082                	ret
     b0a:	255a                	lhu	a4,12(a0)
     b0c:	77f9                	lui	a5,0xffffe
     b0e:	17fd                	addi	a5,a5,-1
     b10:	8ff9                	and	a5,a5,a4
     b12:	bfd5                	j	b06 <USART_Cmd+0x8>

00000b14 <USART_SendData>:
     b14:	1ff5f593          	andi	a1,a1,511
     b18:	a14e                	sh	a1,4(a0)
     b1a:	8082                	ret

00000b1c <USART_GetFlagStatus>:
     b1c:	210a                	lhu	a0,0(a0)
     b1e:	8d6d                	and	a0,a0,a1
     b20:	00a03533          	snez	a0,a0
     b24:	8082                	ret

00000b26 <Delay_Init>:
     b26:	d7aff2ef          	jal	t0,a0 <__riscv_save_0>
     b2a:	200007b7          	lui	a5,0x20000
     b2e:	0107a503          	lw	a0,16(a5) # 20000010 <SystemCoreClock>
     b32:	007a15b7          	lui	a1,0x7a1
     b36:	20058593          	addi	a1,a1,512 # 7a1200 <_data_lma+0x79ff7c>
     b3a:	d9aff0ef          	jal	ra,d4 <__udivsi3>
     b3e:	0ff57513          	andi	a0,a0,255
     b42:	200007b7          	lui	a5,0x20000
     b46:	02a78f23          	sb	a0,62(a5) # 2000003e <p_us>
     b4a:	00551793          	slli	a5,a0,0x5
     b4e:	8f89                	sub	a5,a5,a0
     b50:	078a                	slli	a5,a5,0x2
     b52:	953e                	add	a0,a0,a5
     b54:	050e                	slli	a0,a0,0x3
     b56:	200007b7          	lui	a5,0x20000
     b5a:	02a79e23          	sh	a0,60(a5) # 2000003c <p_ms>
     b5e:	d4cff06f          	j	aa <__riscv_restore_0>

00000b62 <Delay_Ms>:
     b62:	d3eff2ef          	jal	t0,a0 <__riscv_save_0>
     b66:	e000f437          	lui	s0,0xe000f
     b6a:	405c                	lw	a5,4(s0)
     b6c:	85aa                	mv	a1,a0
     b6e:	9bf9                	andi	a5,a5,-2
     b70:	c05c                	sw	a5,4(s0)
     b72:	200007b7          	lui	a5,0x20000
     b76:	03c7d503          	lhu	a0,60(a5) # 2000003c <p_ms>
     b7a:	d3aff0ef          	jal	ra,b4 <__mulsi3>
     b7e:	c808                	sw	a0,16(s0)
     b80:	00042423          	sw	zero,8(s0) # e000f008 <__global_pointer$+0xc000e7d0>
     b84:	401c                	lw	a5,0(s0)
     b86:	0017e793          	ori	a5,a5,1
     b8a:	c01c                	sw	a5,0(s0)
     b8c:	e000f7b7          	lui	a5,0xe000f
     b90:	43d8                	lw	a4,4(a5)
     b92:	8b05                	andi	a4,a4,1
     b94:	df75                	beqz	a4,b90 <Delay_Ms+0x2e>
     b96:	4398                	lw	a4,0(a5)
     b98:	9b79                	andi	a4,a4,-2
     b9a:	c398                	sw	a4,0(a5)
     b9c:	d0eff06f          	j	aa <__riscv_restore_0>

00000ba0 <USART_Printf_Init>:
     ba0:	d00ff2ef          	jal	t0,a0 <__riscv_save_0>
     ba4:	842a                	mv	s0,a0
     ba6:	6511                	lui	a0,0x4
     ba8:	1111                	addi	sp,sp,-28
     baa:	4585                	li	a1,1
     bac:	02150513          	addi	a0,a0,33 # 4021 <_data_lma+0x2d9d>
     bb0:	3599                	jal	9f6 <RCC_APB2PeriphClockCmd>
     bb2:	4585                	li	a1,1
     bb4:	80200537          	lui	a0,0x80200
     bb8:	3681                	jal	6f8 <GPIO_PinRemapConfig>
     bba:	04000793          	li	a5,64
     bbe:	807c                	sh	a5,0(sp)
     bc0:	40011537          	lui	a0,0x40011
     bc4:	478d                	li	a5,3
     bc6:	c23e                	sw	a5,4(sp)
     bc8:	858a                	mv	a1,sp
     bca:	47e1                	li	a5,24
     bcc:	40050513          	addi	a0,a0,1024 # 40011400 <__global_pointer$+0x20010bc8>
     bd0:	c43e                	sw	a5,8(sp)
     bd2:	346d                	jal	67c <GPIO_Init>
     bd4:	c622                	sw	s0,12(sp)
     bd6:	40014437          	lui	s0,0x40014
     bda:	000807b7          	lui	a5,0x80
     bde:	006c                	addi	a1,sp,12
     be0:	80040513          	addi	a0,s0,-2048 # 40013800 <__global_pointer$+0x20012fc8>
     be4:	ca3e                	sw	a5,20(sp)
     be6:	c802                	sw	zero,16(sp)
     be8:	00011c23          	sh	zero,24(sp)
     bec:	3599                	jal	a32 <USART_Init>
     bee:	4585                	li	a1,1
     bf0:	80040513          	addi	a0,s0,-2048
     bf4:	3729                	jal	afe <USART_Cmd>
     bf6:	0171                	addi	sp,sp,28
     bf8:	cb2ff06f          	j	aa <__riscv_restore_0>

00000bfc <_write>:
     bfc:	ca4ff2ef          	jal	t0,a0 <__riscv_save_0>
     c00:	1171                	addi	sp,sp,-4
     c02:	84ae                	mv	s1,a1
     c04:	4401                	li	s0,0
     c06:	02c45d63          	bge	s0,a2,c40 <_write+0x44>
     c0a:	400147b7          	lui	a5,0x40014
     c0e:	80078713          	addi	a4,a5,-2048 # 40013800 <__global_pointer$+0x20012fc8>
     c12:	853a                	mv	a0,a4
     c14:	04000593          	li	a1,64
     c18:	c032                	sw	a2,0(sp)
     c1a:	3709                	jal	b1c <USART_GetFlagStatus>
     c1c:	400147b7          	lui	a5,0x40014
     c20:	80078713          	addi	a4,a5,-2048 # 40013800 <__global_pointer$+0x20012fc8>
     c24:	4602                	lw	a2,0(sp)
     c26:	d575                	beqz	a0,c12 <_write+0x16>
     c28:	00848733          	add	a4,s1,s0
     c2c:	00070583          	lb	a1,0(a4) # 2000 <_data_lma+0xd7c>
     c30:	80078513          	addi	a0,a5,-2048
     c34:	0405                	addi	s0,s0,1
     c36:	05c2                	slli	a1,a1,0x10
     c38:	81c1                	srli	a1,a1,0x10
     c3a:	3de9                	jal	b14 <USART_SendData>
     c3c:	4602                	lw	a2,0(sp)
     c3e:	b7e1                	j	c06 <_write+0xa>
     c40:	8532                	mv	a0,a2
     c42:	0111                	addi	sp,sp,4
     c44:	c66ff06f          	j	aa <__riscv_restore_0>

00000c48 <printchar>:
     c48:	1141                	addi	sp,sp,-16
     c4a:	c606                	sw	ra,12(sp)
     c4c:	c02e                	sw	a1,0(sp)
     c4e:	cd0d                	beqz	a0,c88 <printchar+0x40>
     c50:	4118                	lw	a4,0(a0)
     c52:	87aa                	mv	a5,a0
     c54:	c305                	beqz	a4,c74 <printchar+0x2c>
     c56:	4158                	lw	a4,4(a0)
     c58:	557d                	li	a0,-1
     c5a:	cb11                	beqz	a4,c6e <printchar+0x26>
     c5c:	4685                	li	a3,1
     c5e:	00d71b63          	bne	a4,a3,c74 <printchar+0x2c>
     c62:	4798                	lw	a4,8(a5)
     c64:	00070023          	sb	zero,0(a4)
     c68:	0007a223          	sw	zero,4(a5)
     c6c:	4505                	li	a0,1
     c6e:	40b2                	lw	ra,12(sp)
     c70:	0141                	addi	sp,sp,16
     c72:	8082                	ret
     c74:	4798                	lw	a4,8(a5)
     c76:	4682                	lw	a3,0(sp)
     c78:	a314                	sb	a3,0(a4)
     c7a:	4798                	lw	a4,8(a5)
     c7c:	0705                	addi	a4,a4,1
     c7e:	c798                	sw	a4,8(a5)
     c80:	43d8                	lw	a4,4(a5)
     c82:	177d                	addi	a4,a4,-1
     c84:	c3d8                	sw	a4,4(a5)
     c86:	b7dd                	j	c6c <printchar+0x24>
     c88:	4605                	li	a2,1
     c8a:	858a                	mv	a1,sp
     c8c:	3f85                	jal	bfc <_write>
     c8e:	bff9                	j	c6c <printchar+0x24>

00000c90 <prints>:
     c90:	1101                	addi	sp,sp,-32
     c92:	cc22                	sw	s0,24(sp)
     c94:	c22e                	sw	a1,4(sp)
     c96:	ce06                	sw	ra,28(sp)
     c98:	ca26                	sw	s1,20(sp)
     c9a:	842a                	mv	s0,a0
     c9c:	4781                	li	a5,0
     c9e:	02000593          	li	a1,32
     ca2:	02064563          	bltz	a2,ccc <prints+0x3c>
     ca6:	4592                	lw	a1,4(sp)
     ca8:	95be                	add	a1,a1,a5
     caa:	00058583          	lb	a1,0(a1)
     cae:	e58d                	bnez	a1,cd8 <prints+0x48>
     cb0:	02c7d863          	bge	a5,a2,ce0 <prints+0x50>
     cb4:	02e7d463          	bge	a5,a4,cdc <prints+0x4c>
     cb8:	8e19                	sub	a2,a2,a4
     cba:	02000513          	li	a0,32
     cbe:	0026f593          	andi	a1,a3,2
     cc2:	c02a                	sw	a0,0(sp)
     cc4:	c589                	beqz	a1,cce <prints+0x3e>
     cc6:	e701                	bnez	a4,cce <prints+0x3e>
     cc8:	03000593          	li	a1,48
     ccc:	c02e                	sw	a1,0(sp)
     cce:	8a85                	andi	a3,a3,1
     cd0:	4481                	li	s1,0
     cd2:	ea95                	bnez	a3,d06 <prints+0x76>
     cd4:	84b2                	mv	s1,a2
     cd6:	a00d                	j	cf8 <prints+0x68>
     cd8:	0785                	addi	a5,a5,1
     cda:	b7f1                	j	ca6 <prints+0x16>
     cdc:	8e1d                	sub	a2,a2,a5
     cde:	bff1                	j	cba <prints+0x2a>
     ce0:	4601                	li	a2,0
     ce2:	bfe1                	j	cba <prints+0x2a>
     ce4:	4582                	lw	a1,0(sp)
     ce6:	8522                	mv	a0,s0
     ce8:	c83a                	sw	a4,16(sp)
     cea:	c632                	sw	a2,12(sp)
     cec:	c43e                	sw	a5,8(sp)
     cee:	3fa9                	jal	c48 <printchar>
     cf0:	47a2                	lw	a5,8(sp)
     cf2:	4632                	lw	a2,12(sp)
     cf4:	4742                	lw	a4,16(sp)
     cf6:	14fd                	addi	s1,s1,-1
     cf8:	fe9046e3          	bgtz	s1,ce4 <prints+0x54>
     cfc:	84b2                	mv	s1,a2
     cfe:	00065363          	bgez	a2,d04 <prints+0x74>
     d02:	4481                	li	s1,0
     d04:	8e05                	sub	a2,a2,s1
     d06:	02e7c763          	blt	a5,a4,d34 <prints+0xa4>
     d0a:	87a6                	mv	a5,s1
     d0c:	4692                	lw	a3,4(sp)
     d0e:	40978733          	sub	a4,a5,s1
     d12:	9736                	add	a4,a4,a3
     d14:	00070583          	lb	a1,0(a4)
     d18:	ed95                	bnez	a1,d54 <prints+0xc4>
     d1a:	84b2                	mv	s1,a2
     d1c:	04904463          	bgtz	s1,d64 <prints+0xd4>
     d20:	00065363          	bgez	a2,d26 <prints+0x96>
     d24:	4601                	li	a2,0
     d26:	40f2                	lw	ra,28(sp)
     d28:	4462                	lw	s0,24(sp)
     d2a:	44d2                	lw	s1,20(sp)
     d2c:	00f60533          	add	a0,a2,a5
     d30:	6105                	addi	sp,sp,32
     d32:	8082                	ret
     d34:	8f1d                	sub	a4,a4,a5
     d36:	87ba                	mv	a5,a4
     d38:	03000593          	li	a1,48
     d3c:	8522                	mv	a0,s0
     d3e:	c832                	sw	a2,16(sp)
     d40:	c63e                	sw	a5,12(sp)
     d42:	c43a                	sw	a4,8(sp)
     d44:	3711                	jal	c48 <printchar>
     d46:	47b2                	lw	a5,12(sp)
     d48:	4722                	lw	a4,8(sp)
     d4a:	4642                	lw	a2,16(sp)
     d4c:	17fd                	addi	a5,a5,-1
     d4e:	f7ed                	bnez	a5,d38 <prints+0xa8>
     d50:	94ba                	add	s1,s1,a4
     d52:	bf65                	j	d0a <prints+0x7a>
     d54:	8522                	mv	a0,s0
     d56:	c632                	sw	a2,12(sp)
     d58:	c43e                	sw	a5,8(sp)
     d5a:	35fd                	jal	c48 <printchar>
     d5c:	47a2                	lw	a5,8(sp)
     d5e:	4632                	lw	a2,12(sp)
     d60:	0785                	addi	a5,a5,1
     d62:	b76d                	j	d0c <prints+0x7c>
     d64:	4582                	lw	a1,0(sp)
     d66:	8522                	mv	a0,s0
     d68:	c432                	sw	a2,8(sp)
     d6a:	c23e                	sw	a5,4(sp)
     d6c:	3df1                	jal	c48 <printchar>
     d6e:	14fd                	addi	s1,s1,-1
     d70:	4622                	lw	a2,8(sp)
     d72:	4792                	lw	a5,4(sp)
     d74:	b765                	j	d1c <prints+0x8c>

00000d76 <printInt>:
     d76:	7139                	addi	sp,sp,-64
     d78:	de06                	sw	ra,60(sp)
     d7a:	dc22                	sw	s0,56(sp)
     d7c:	da26                	sw	s1,52(sp)
     d7e:	c23e                	sw	a5,4(sp)
     d80:	8332                	mv	t1,a2
     d82:	863a                	mv	a2,a4
     d84:	ed89                	bnez	a1,d9e <printInt+0x28>
     d86:	4692                	lw	a3,4(sp)
     d88:	03000793          	li	a5,48
     d8c:	4701                	li	a4,0
     d8e:	086c                	addi	a1,sp,28
     d90:	86fc                	sh	a5,28(sp)
     d92:	3dfd                	jal	c90 <prints>
     d94:	50f2                	lw	ra,60(sp)
     d96:	5462                	lw	s0,56(sp)
     d98:	54d2                	lw	s1,52(sp)
     d9a:	6121                	addi	sp,sp,64
     d9c:	8082                	ret
     d9e:	84aa                	mv	s1,a0
     da0:	8436                	mv	s0,a3
     da2:	87ae                	mv	a5,a1
     da4:	ca91                	beqz	a3,db8 <printInt+0x42>
     da6:	4729                	li	a4,10
     da8:	4401                	li	s0,0
     daa:	00e31763          	bne	t1,a4,db8 <printInt+0x42>
     dae:	0005d563          	bgez	a1,db8 <printInt+0x42>
     db2:	40b007b3          	neg	a5,a1
     db6:	4405                	li	s0,1
     db8:	4686                	lw	a3,64(sp)
     dba:	020109a3          	sb	zero,51(sp)
     dbe:	03310713          	addi	a4,sp,51
     dc2:	fc668693          	addi	a3,a3,-58 # 40020fc6 <__global_pointer$+0x2002078e>
     dc6:	c436                	sw	a3,8(sp)
     dc8:	859a                	mv	a1,t1
     dca:	853e                	mv	a0,a5
     dcc:	ca32                	sw	a2,20(sp)
     dce:	c83a                	sw	a4,16(sp)
     dd0:	c61a                	sw	t1,12(sp)
     dd2:	c03e                	sw	a5,0(sp)
     dd4:	b2cff0ef          	jal	ra,100 <__umodsi3>
     dd8:	46a5                	li	a3,9
     dda:	4782                	lw	a5,0(sp)
     ddc:	4332                	lw	t1,12(sp)
     dde:	4742                	lw	a4,16(sp)
     de0:	4652                	lw	a2,20(sp)
     de2:	00a6d463          	bge	a3,a0,dea <printInt+0x74>
     de6:	46a2                	lw	a3,8(sp)
     de8:	9536                	add	a0,a0,a3
     dea:	03050513          	addi	a0,a0,48
     dee:	fff70693          	addi	a3,a4,-1
     df2:	fea70fa3          	sb	a0,-1(a4)
     df6:	859a                	mv	a1,t1
     df8:	853e                	mv	a0,a5
     dfa:	cc32                	sw	a2,24(sp)
     dfc:	ca3a                	sw	a4,20(sp)
     dfe:	c81a                	sw	t1,16(sp)
     e00:	c63e                	sw	a5,12(sp)
     e02:	c036                	sw	a3,0(sp)
     e04:	ad0ff0ef          	jal	ra,d4 <__udivsi3>
     e08:	47b2                	lw	a5,12(sp)
     e0a:	4342                	lw	t1,16(sp)
     e0c:	4752                	lw	a4,20(sp)
     e0e:	4662                	lw	a2,24(sp)
     e10:	0467f963          	bgeu	a5,t1,e62 <printInt+0xec>
     e14:	cc01                	beqz	s0,e2c <printInt+0xb6>
     e16:	ca29                	beqz	a2,e68 <printInt+0xf2>
     e18:	4792                	lw	a5,4(sp)
     e1a:	8b89                	andi	a5,a5,2
     e1c:	c7b1                	beqz	a5,e68 <printInt+0xf2>
     e1e:	02d00593          	li	a1,45
     e22:	8526                	mv	a0,s1
     e24:	c432                	sw	a2,8(sp)
     e26:	350d                	jal	c48 <printchar>
     e28:	4622                	lw	a2,8(sp)
     e2a:	167d                	addi	a2,a2,-1
     e2c:	4792                	lw	a5,4(sp)
     e2e:	8b91                	andi	a5,a5,4
     e30:	c395                	beqz	a5,e54 <printInt+0xde>
     e32:	4706                	lw	a4,64(sp)
     e34:	06100793          	li	a5,97
     e38:	c432                	sw	a2,8(sp)
     e3a:	03000593          	li	a1,48
     e3e:	8526                	mv	a0,s1
     e40:	02f71e63          	bne	a4,a5,e7c <printInt+0x106>
     e44:	3511                	jal	c48 <printchar>
     e46:	07800593          	li	a1,120
     e4a:	8526                	mv	a0,s1
     e4c:	3bf5                	jal	c48 <printchar>
     e4e:	4622                	lw	a2,8(sp)
     e50:	0409                	addi	s0,s0,2
     e52:	1679                	addi	a2,a2,-2
     e54:	4716                	lw	a4,68(sp)
     e56:	4692                	lw	a3,4(sp)
     e58:	4582                	lw	a1,0(sp)
     e5a:	8526                	mv	a0,s1
     e5c:	3d15                	jal	c90 <prints>
     e5e:	9522                	add	a0,a0,s0
     e60:	bf15                	j	d94 <printInt+0x1e>
     e62:	87aa                	mv	a5,a0
     e64:	4702                	lw	a4,0(sp)
     e66:	b78d                	j	dc8 <printInt+0x52>
     e68:	4682                	lw	a3,0(sp)
     e6a:	02d00793          	li	a5,45
     e6e:	4401                	li	s0,0
     e70:	fef68fa3          	sb	a5,-1(a3)
     e74:	ffe70793          	addi	a5,a4,-2
     e78:	c03e                	sw	a5,0(sp)
     e7a:	bf4d                	j	e2c <printInt+0xb6>
     e7c:	33f1                	jal	c48 <printchar>
     e7e:	05800593          	li	a1,88
     e82:	b7e1                	j	e4a <printInt+0xd4>

00000e84 <printLongLongInt>:
     e84:	4501                	li	a0,0
     e86:	8082                	ret

00000e88 <printDouble>:
     e88:	4501                	li	a0,0
     e8a:	8082                	ret

00000e8c <print>:
     e8c:	fd810113          	addi	sp,sp,-40
     e90:	d022                	sw	s0,32(sp)
     e92:	ce26                	sw	s1,28(sp)
     e94:	d206                	sw	ra,36(sp)
     e96:	c42a                	sw	a0,8(sp)
     e98:	82ae                	mv	t0,a1
     e9a:	8432                	mv	s0,a2
     e9c:	c602                	sw	zero,12(sp)
     e9e:	4481                	li	s1,0
     ea0:	00028583          	lb	a1,0(t0)
     ea4:	ed89                	bnez	a1,ebe <print+0x32>
     ea6:	47a2                	lw	a5,8(sp)
     ea8:	c781                	beqz	a5,eb0 <print+0x24>
     eaa:	4581                	li	a1,0
     eac:	853e                	mv	a0,a5
     eae:	3b69                	jal	c48 <printchar>
     eb0:	5092                	lw	ra,36(sp)
     eb2:	5402                	lw	s0,32(sp)
     eb4:	8526                	mv	a0,s1
     eb6:	44f2                	lw	s1,28(sp)
     eb8:	02810113          	addi	sp,sp,40
     ebc:	8082                	ret
     ebe:	02500793          	li	a5,37
     ec2:	00f58863          	beq	a1,a5,ed2 <print+0x46>
     ec6:	4522                	lw	a0,8(sp)
     ec8:	c816                	sw	t0,16(sp)
     eca:	0485                	addi	s1,s1,1
     ecc:	3bb5                	jal	c48 <printchar>
     ece:	42c2                	lw	t0,16(sp)
     ed0:	a839                	j	eee <print+0x62>
     ed2:	00128783          	lb	a5,1(t0)
     ed6:	00128713          	addi	a4,t0,1
     eda:	00b79c63          	bne	a5,a1,ef2 <print+0x66>
     ede:	4522                	lw	a0,8(sp)
     ee0:	02500593          	li	a1,37
     ee4:	c83a                	sw	a4,16(sp)
     ee6:	338d                	jal	c48 <printchar>
     ee8:	4742                	lw	a4,16(sp)
     eea:	0485                	addi	s1,s1,1
     eec:	82ba                	mv	t0,a4
     eee:	0285                	addi	t0,t0,1
     ef0:	bf45                	j	ea0 <print+0x14>
     ef2:	dbd5                	beqz	a5,ea6 <print+0x1a>
     ef4:	02b00693          	li	a3,43
     ef8:	04d78963          	beq	a5,a3,f4a <print+0xbe>
     efc:	00f6c863          	blt	a3,a5,f0c <print+0x80>
     f00:	02300693          	li	a3,35
     f04:	04d78663          	beq	a5,a3,f50 <print+0xc4>
     f08:	4781                	li	a5,0
     f0a:	a005                	j	f2a <print+0x9e>
     f0c:	02d00693          	li	a3,45
     f10:	00d78a63          	beq	a5,a3,f24 <print+0x98>
     f14:	03000693          	li	a3,48
     f18:	fed798e3          	bne	a5,a3,f08 <print+0x7c>
     f1c:	00228713          	addi	a4,t0,2
     f20:	4789                	li	a5,2
     f22:	a021                	j	f2a <print+0x9e>
     f24:	00228713          	addi	a4,t0,2
     f28:	4785                	li	a5,1
     f2a:	00070683          	lb	a3,0(a4)
     f2e:	02b00613          	li	a2,43
     f32:	04c68363          	beq	a3,a2,f78 <print+0xec>
     f36:	02d64163          	blt	a2,a3,f58 <print+0xcc>
     f3a:	02300613          	li	a2,35
     f3e:	02c68b63          	beq	a3,a2,f74 <print+0xe8>
     f42:	82ba                	mv	t0,a4
     f44:	4501                	li	a0,0
     f46:	46a5                	li	a3,9
     f48:	a081                	j	f88 <print+0xfc>
     f4a:	00228713          	addi	a4,t0,2
     f4e:	bf6d                	j	f08 <print+0x7c>
     f50:	00228713          	addi	a4,t0,2
     f54:	4791                	li	a5,4
     f56:	bfd1                	j	f2a <print+0x9e>
     f58:	02d00613          	li	a2,45
     f5c:	00c68963          	beq	a3,a2,f6e <print+0xe2>
     f60:	03000613          	li	a2,48
     f64:	fcc69fe3          	bne	a3,a2,f42 <print+0xb6>
     f68:	0027e793          	ori	a5,a5,2
     f6c:	a031                	j	f78 <print+0xec>
     f6e:	0705                	addi	a4,a4,1
     f70:	4785                	li	a5,1
     f72:	bfc1                	j	f42 <print+0xb6>
     f74:	0047e793          	ori	a5,a5,4
     f78:	0705                	addi	a4,a4,1
     f7a:	b7e1                	j	f42 <print+0xb6>
     f7c:	00251613          	slli	a2,a0,0x2
     f80:	9532                	add	a0,a0,a2
     f82:	0506                	slli	a0,a0,0x1
     f84:	953a                	add	a0,a0,a4
     f86:	0285                	addi	t0,t0,1
     f88:	00028603          	lb	a2,0(t0)
     f8c:	fd060713          	addi	a4,a2,-48 # f8ffffd0 <__global_pointer$+0xd8fff798>
     f90:	0ff77593          	andi	a1,a4,255
     f94:	feb6f4e3          	bgeu	a3,a1,f7c <print+0xf0>
     f98:	02e00713          	li	a4,46
     f9c:	4699                	li	a3,6
     f9e:	00e61e63          	bne	a2,a4,fba <print+0x12e>
     fa2:	0285                	addi	t0,t0,1
     fa4:	4681                	li	a3,0
     fa6:	45a5                	li	a1,9
     fa8:	00028603          	lb	a2,0(t0)
     fac:	fd060613          	addi	a2,a2,-48
     fb0:	0ff67713          	andi	a4,a2,255
     fb4:	02e5f563          	bgeu	a1,a4,fde <print+0x152>
     fb8:	c636                	sw	a3,12(sp)
     fba:	00028703          	lb	a4,0(t0)
     fbe:	06a00613          	li	a2,106
     fc2:	0ac70d63          	beq	a4,a2,107c <print+0x1f0>
     fc6:	02e64363          	blt	a2,a4,fec <print+0x160>
     fca:	04c00613          	li	a2,76
     fce:	0ac70763          	beq	a4,a2,107c <print+0x1f0>
     fd2:	06800613          	li	a2,104
     fd6:	08c70c63          	beq	a4,a2,106e <print+0x1e2>
     fda:	4581                	li	a1,0
     fdc:	a82d                	j	1016 <print+0x18a>
     fde:	00269713          	slli	a4,a3,0x2
     fe2:	96ba                	add	a3,a3,a4
     fe4:	0686                	slli	a3,a3,0x1
     fe6:	96b2                	add	a3,a3,a2
     fe8:	0285                	addi	t0,t0,1
     fea:	bf7d                	j	fa8 <print+0x11c>
     fec:	07400613          	li	a2,116
     ff0:	08c70663          	beq	a4,a2,107c <print+0x1f0>
     ff4:	07a00613          	li	a2,122
     ff8:	08c70263          	beq	a4,a2,107c <print+0x1f0>
     ffc:	06c00613          	li	a2,108
    1000:	4581                	li	a1,0
    1002:	00c71a63          	bne	a4,a2,1016 <print+0x18a>
    1006:	00128603          	lb	a2,1(t0)
    100a:	458d                	li	a1,3
    100c:	00e61463          	bne	a2,a4,1014 <print+0x188>
    1010:	0285                	addi	t0,t0,1
    1012:	4591                	li	a1,4
    1014:	0285                	addi	t0,t0,1
    1016:	00028603          	lb	a2,0(t0)
    101a:	06000393          	li	t2,96
    101e:	06100713          	li	a4,97
    1022:	00c3c463          	blt	t2,a2,102a <print+0x19e>
    1026:	04100713          	li	a4,65
    102a:	06700393          	li	t2,103
    102e:	06c3c463          	blt	t2,a2,1096 <print+0x20a>
    1032:	06500393          	li	t2,101
    1036:	18765363          	bge	a2,t2,11bc <print+0x330>
    103a:	04700393          	li	t2,71
    103e:	04c3c163          	blt	t2,a2,1080 <print+0x1f4>
    1042:	04500593          	li	a1,69
    1046:	16b65b63          	bge	a2,a1,11bc <print+0x330>
    104a:	04300713          	li	a4,67
    104e:	eae610e3          	bne	a2,a4,eee <print+0x62>
    1052:	4018                	lw	a4,0(s0)
    1054:	00440393          	addi	t2,s0,4
    1058:	ca16                	sw	t0,20(sp)
    105a:	00e10c23          	sb	a4,24(sp)
    105e:	c81e                	sw	t2,16(sp)
    1060:	00010ca3          	sb	zero,25(sp)
    1064:	4701                	li	a4,0
    1066:	86be                	mv	a3,a5
    1068:	862a                	mv	a2,a0
    106a:	082c                	addi	a1,sp,24
    106c:	a849                	j	10fe <print+0x272>
    106e:	00128603          	lb	a2,1(t0)
    1072:	4581                	li	a1,0
    1074:	fae611e3          	bne	a2,a4,1016 <print+0x18a>
    1078:	0289                	addi	t0,t0,2
    107a:	bf71                	j	1016 <print+0x18a>
    107c:	0285                	addi	t0,t0,1
    107e:	bfb1                	j	fda <print+0x14e>
    1080:	06300693          	li	a3,99
    1084:	fcd607e3          	beq	a2,a3,1052 <print+0x1c6>
    1088:	06c6ce63          	blt	a3,a2,1104 <print+0x278>
    108c:	05800693          	li	a3,88
    1090:	02d60363          	beq	a2,a3,10b6 <print+0x22a>
    1094:	bda9                	j	eee <print+0x62>
    1096:	07300693          	li	a3,115
    109a:	04d60463          	beq	a2,a3,10e2 <print+0x256>
    109e:	02c6cb63          	blt	a3,a2,10d4 <print+0x248>
    10a2:	06f00693          	li	a3,111
    10a6:	0ed60263          	beq	a2,a3,118a <print+0x2fe>
    10aa:	07000693          	li	a3,112
    10ae:	0047e793          	ori	a5,a5,4
    10b2:	e2d61ee3          	bne	a2,a3,eee <print+0x62>
    10b6:	4691                	li	a3,4
    10b8:	0ad59f63          	bne	a1,a3,1176 <print+0x2ea>
    10bc:	00840393          	addi	t2,s0,8
    10c0:	400c                	lw	a1,0(s0)
    10c2:	4050                	lw	a2,4(s0)
    10c4:	ca16                	sw	t0,20(sp)
    10c6:	c23a                	sw	a4,4(sp)
    10c8:	c03e                	sw	a5,0(sp)
    10ca:	c81e                	sw	t2,16(sp)
    10cc:	87aa                	mv	a5,a0
    10ce:	4701                	li	a4,0
    10d0:	46c1                	li	a3,16
    10d2:	a0b9                	j	1120 <print+0x294>
    10d4:	07500693          	li	a3,117
    10d8:	06d60863          	beq	a2,a3,1148 <print+0x2bc>
    10dc:	07800693          	li	a3,120
    10e0:	bf45                	j	1090 <print+0x204>
    10e2:	4018                	lw	a4,0(s0)
    10e4:	000016b7          	lui	a3,0x1
    10e8:	00440393          	addi	t2,s0,4
    10ec:	27c68593          	addi	a1,a3,636 # 127c <printf+0x9e>
    10f0:	c311                	beqz	a4,10f4 <print+0x268>
    10f2:	85ba                	mv	a1,a4
    10f4:	4732                	lw	a4,12(sp)
    10f6:	ca16                	sw	t0,20(sp)
    10f8:	c81e                	sw	t2,16(sp)
    10fa:	86be                	mv	a3,a5
    10fc:	862a                	mv	a2,a0
    10fe:	4522                	lw	a0,8(sp)
    1100:	3e41                	jal	c90 <prints>
    1102:	a00d                	j	1124 <print+0x298>
    1104:	4691                	li	a3,4
    1106:	02d59463          	bne	a1,a3,112e <print+0x2a2>
    110a:	00840393          	addi	t2,s0,8
    110e:	400c                	lw	a1,0(s0)
    1110:	4050                	lw	a2,4(s0)
    1112:	ca16                	sw	t0,20(sp)
    1114:	c23a                	sw	a4,4(sp)
    1116:	c03e                	sw	a5,0(sp)
    1118:	c81e                	sw	t2,16(sp)
    111a:	87aa                	mv	a5,a0
    111c:	4705                	li	a4,1
    111e:	46a9                	li	a3,10
    1120:	4522                	lw	a0,8(sp)
    1122:	338d                	jal	e84 <printLongLongInt>
    1124:	43c2                	lw	t2,16(sp)
    1126:	94aa                	add	s1,s1,a0
    1128:	841e                	mv	s0,t2
    112a:	42d2                	lw	t0,20(sp)
    112c:	b3c9                	j	eee <print+0x62>
    112e:	46b2                	lw	a3,12(sp)
    1130:	400c                	lw	a1,0(s0)
    1132:	c816                	sw	t0,16(sp)
    1134:	c236                	sw	a3,4(sp)
    1136:	c03a                	sw	a4,0(sp)
    1138:	0411                	addi	s0,s0,4
    113a:	872a                	mv	a4,a0
    113c:	4685                	li	a3,1
    113e:	4629                	li	a2,10
    1140:	4522                	lw	a0,8(sp)
    1142:	3915                	jal	d76 <printInt>
    1144:	94aa                	add	s1,s1,a0
    1146:	b361                	j	ece <print+0x42>
    1148:	4691                	li	a3,4
    114a:	00d59d63          	bne	a1,a3,1164 <print+0x2d8>
    114e:	00840393          	addi	t2,s0,8
    1152:	400c                	lw	a1,0(s0)
    1154:	4050                	lw	a2,4(s0)
    1156:	ca16                	sw	t0,20(sp)
    1158:	c23a                	sw	a4,4(sp)
    115a:	c03e                	sw	a5,0(sp)
    115c:	c81e                	sw	t2,16(sp)
    115e:	87aa                	mv	a5,a0
    1160:	4701                	li	a4,0
    1162:	bf75                	j	111e <print+0x292>
    1164:	46b2                	lw	a3,12(sp)
    1166:	400c                	lw	a1,0(s0)
    1168:	c816                	sw	t0,16(sp)
    116a:	c236                	sw	a3,4(sp)
    116c:	c03a                	sw	a4,0(sp)
    116e:	0411                	addi	s0,s0,4
    1170:	872a                	mv	a4,a0
    1172:	4681                	li	a3,0
    1174:	b7e9                	j	113e <print+0x2b2>
    1176:	46b2                	lw	a3,12(sp)
    1178:	c816                	sw	t0,16(sp)
    117a:	400c                	lw	a1,0(s0)
    117c:	4641                	li	a2,16
    117e:	c236                	sw	a3,4(sp)
    1180:	c03a                	sw	a4,0(sp)
    1182:	0411                	addi	s0,s0,4
    1184:	872a                	mv	a4,a0
    1186:	4681                	li	a3,0
    1188:	bf65                	j	1140 <print+0x2b4>
    118a:	4691                	li	a3,4
    118c:	00d59e63          	bne	a1,a3,11a8 <print+0x31c>
    1190:	00840393          	addi	t2,s0,8
    1194:	400c                	lw	a1,0(s0)
    1196:	4050                	lw	a2,4(s0)
    1198:	ca16                	sw	t0,20(sp)
    119a:	c23a                	sw	a4,4(sp)
    119c:	c03e                	sw	a5,0(sp)
    119e:	c81e                	sw	t2,16(sp)
    11a0:	87aa                	mv	a5,a0
    11a2:	4701                	li	a4,0
    11a4:	46a1                	li	a3,8
    11a6:	bfad                	j	1120 <print+0x294>
    11a8:	46b2                	lw	a3,12(sp)
    11aa:	400c                	lw	a1,0(s0)
    11ac:	c816                	sw	t0,16(sp)
    11ae:	c236                	sw	a3,4(sp)
    11b0:	c03a                	sw	a4,0(sp)
    11b2:	0411                	addi	s0,s0,4
    11b4:	872a                	mv	a4,a0
    11b6:	4681                	li	a3,0
    11b8:	4621                	li	a2,8
    11ba:	b759                	j	1140 <print+0x2b4>
    11bc:	400c                	lw	a1,0(s0)
    11be:	00840613          	addi	a2,s0,8
    11c2:	4040                	lw	s0,4(s0)
    11c4:	c23a                	sw	a4,4(sp)
    11c6:	872a                	mv	a4,a0
    11c8:	4522                	lw	a0,8(sp)
    11ca:	c832                	sw	a2,16(sp)
    11cc:	c03e                	sw	a5,0(sp)
    11ce:	8622                	mv	a2,s0
    11d0:	87b6                	mv	a5,a3
    11d2:	46a9                	li	a3,10
    11d4:	ca16                	sw	t0,20(sp)
    11d6:	394d                	jal	e88 <printDouble>
    11d8:	94aa                	add	s1,s1,a0
    11da:	4442                	lw	s0,16(sp)
    11dc:	b7b9                	j	112a <print+0x29e>

000011de <printf>:
    11de:	fdc10113          	addi	sp,sp,-36
    11e2:	c82e                	sw	a1,16(sp)
    11e4:	ca32                	sw	a2,20(sp)
    11e6:	85aa                	mv	a1,a0
    11e8:	0810                	addi	a2,sp,16
    11ea:	4501                	li	a0,0
    11ec:	c606                	sw	ra,12(sp)
    11ee:	cc36                	sw	a3,24(sp)
    11f0:	ce3a                	sw	a4,28(sp)
    11f2:	d03e                	sw	a5,32(sp)
    11f4:	c032                	sw	a2,0(sp)
    11f6:	3959                	jal	e8c <print>
    11f8:	40b2                	lw	ra,12(sp)
    11fa:	02410113          	addi	sp,sp,36
    11fe:	8082                	ret
    1200:	72617453          	0x72617453
    1204:	0074                	addi	a3,sp,12
    1206:	0000                	unimp
    1208:	20746553          	0x20746553
    120c:	7254                	flw	fa3,36(a2)
    120e:	6e61                	lui	t3,0x18
    1210:	74696d73          	csrrsi	s10,0x746,18
    1214:	6574                	flw	fa3,76(a0)
    1216:	0072                	c.slli	zero,0x1c
    1218:	646e6553          	0x646e6553
    121c:	4120                	lw	s0,64(a0)
    121e:	6464                	flw	fs1,76(s0)
    1220:	6572                	flw	fa0,28(sp)
    1222:	00007373          	csrrci	t1,ustatus,0
    1226:	0000                	unimp
    1228:	646e6573          	csrrsi	a0,0x646,28
    122c:	6220                	flw	fs0,64(a2)
    122e:	7479                	lui	s0,0xffffe
    1230:	0065                	c.nop	25
    1232:	0000                	unimp
    1234:	74737953          	0x74737953
    1238:	6d65                	lui	s10,0x19
    123a:	3a6b6c43          	fmadd.d	fs8,fs6,ft6,ft7,unknown
    123e:	6425                	lui	s0,0x9
    1240:	0a0d                	addi	s4,s4,3
    1242:	0000                	unimp
    1244:	70696843          	fmadd.s	fa6,fs2,ft6,fa4,unknown
    1248:	4449                	li	s0,18
    124a:	253a                	lhu	a4,10(a0)
    124c:	3830                	lbu	a2,19(s0)
    124e:	0d78                	addi	a4,sp,668
    1250:	000a                	c.slli	zero,0x2
    1252:	0000                	unimp
    1254:	63636553          	0x63636553
    1258:	7365                	lui	t1,0xffff9
    125a:	6e492073          	csrs	0x6e4,s2
    125e:	7469                	lui	s0,0xffffa
    1260:	0000                	unimp
    1262:	0000                	unimp
    1264:	6954                	flw	fa3,20(a0)
    1266:	656d                	lui	a0,0x1b
    1268:	203a                	lhu	a4,2(s0)
    126a:	3025                	jal	a92 <USART_Init+0x60>
    126c:	6432                	flw	fs0,12(sp)
    126e:	253a                	lhu	a4,10(a0)
    1270:	3230                	lbu	a2,3(a2)
    1272:	3a64                	lbu	s1,23(a2)
    1274:	3025                	jal	a9c <USART_Init+0x6a>
    1276:	6432                	flw	fs0,12(sp)
    1278:	0a0d                	addi	s4,s4,3
    127a:	0000                	unimp
    127c:	6e28                	flw	fa0,88(a2)
    127e:	6c75                	lui	s8,0x1d
    1280:	296c                	lbu	a1,22(a0)
	...
